#
# There is insufficient memory for the Java Runtime Environment to continue.
# Native memory allocation (malloc) failed to allocate 1160336 bytes for Chunk::new
# Possible reasons:
#   The system is out of physical RAM or swap space
#   The process is running with CompressedOops enabled, and the Java Heap may be blocking the growth of the native heap
# Possible solutions:
#   Reduce memory load on the system
#   Increase physical memory or swap space
#   Check if swap backing store is full
#   Decrease Java heap size (-Xmx/-Xms)
#   Decrease number of Java threads
#   Decrease Java thread stack sizes (-Xss)
#   Set larger code cache with -XX:ReservedCodeCacheSize=
#   JVM is running with Unscaled Compressed Oops mode in which the Java heap is
#     placed in the first 4GB address space. The Java Heap base address is the
#     maximum limit for the native heap growth. Please use -XX:HeapBaseMinAddress
#     to set the Java Heap base and to place the Java Heap above 4GB virtual address.
# This output file may be truncated or incomplete.
#
#  Out of Memory Error (arena.cpp:195), pid=1576, tid=6060
#
# JRE version: OpenJDK Runtime Environment Corretto-16.0.2.7.1 (16.0.2+7) (build 16.0.2+7)
# Java VM: OpenJDK 64-Bit Server VM Corretto-16.0.2.7.1 (16.0.2+7, mixed mode, sharing, tiered, compressed oops, compressed class ptrs, g1 gc, windows-amd64)
# No core dump will be written. Minidumps are not enabled by default on client versions of Windows
#

---------------  S U M M A R Y ------------

Command Line: --add-opens=java.base/java.util=ALL-UNNAMED --add-opens=java.base/java.lang=ALL-UNNAMED --add-opens=java.base/java.lang.invoke=ALL-UNNAMED --add-opens=java.base/java.util=ALL-UNNAMED --add-opens=java.prefs/java.util.prefs=ALL-UNNAMED --add-opens=java.prefs/java.util.prefs=ALL-UNNAMED --add-opens=java.base/java.nio.charset=ALL-UNNAMED --add-opens=java.base/java.net=ALL-UNNAMED --add-opens=java.base/java.util.concurrent.atomic=ALL-UNNAMED -Xmx2048m -Dfile.encoding=UTF-8 -Duser.country=VN -Duser.language=vi -Duser.variant org.gradle.launcher.daemon.bootstrap.GradleDaemon 7.0.2

Host: Intel(R) Core(TM) i7-8750H CPU @ 2.20GHz, 12 cores, 7G,  Windows 10 , 64 bit Build 19041 (10.0.19041.1348)
Time: Sun Nov 21 00:12:56 2021 SE Asia Standard Time elapsed time: 7603.728955 seconds (0d 2h 6m 43s)

---------------  T H R E A D  ---------------

Current thread (0x00000177fecd5c40):  JavaThread "C2 CompilerThread0" daemon [_thread_in_native, id=6060, stack(0x00000045f3800000,0x00000045f3900000)]


Current CompileTask:
C2:7603729 21768   !   4       org.gradle.cache.internal.DefaultCacheAccess::useCache (191 bytes)

Stack: [0x00000045f3800000,0x00000045f3900000]
Native frames: (J=compiled Java code, j=interpreted, Vv=VM code, C=native code)
V  [jvm.dll+0x647e0a]
V  [jvm.dll+0x7f0549]
V  [jvm.dll+0x7f1cfe]
V  [jvm.dll+0x7f2343]
V  [jvm.dll+0x23dd88]
V  [jvm.dll+0xc879a]
V  [jvm.dll+0xc8d4c]
V  [jvm.dll+0x3515d2]
V  [jvm.dll+0x31b53f]
V  [jvm.dll+0x31a97a]
V  [jvm.dll+0x210990]
V  [jvm.dll+0x20ff17]
V  [jvm.dll+0x1a0d9b]
V  [jvm.dll+0x21f909]
V  [jvm.dll+0x21da9b]
V  [jvm.dll+0x7a8662]
V  [jvm.dll+0x7a223a]
V  [jvm.dll+0x646c46]
C  [ucrtbase.dll+0x21bb2]
C  [KERNEL32.DLL+0x17034]
C  [ntdll.dll+0x52651]


---------------  P R O C E S S  ---------------

Threads class SMR info:
_java_thread_list=0x0000017798f21810, length=49, elements={
0x00000177f05984a0, 0x00000177fecb3de0, 0x00000177fecb4bb0, 0x00000177fecc3970,
0x00000177fecc4380, 0x00000177fecc8cb0, 0x00000177fecc9de0, 0x00000177fecd5c40,
0x00000177fece2130, 0x00000177feceaa10, 0x00000177ff8bbaa0, 0x00000177ff8be9a0,
0x0000017792fb1ea0, 0x0000017792beb3b0, 0x00000177ff9c6fd0, 0x000001779111cb30,
0x000001779111d080, 0x000001779111bb40, 0x000001779111b5f0, 0x000001779111ab50,
0x00000177930a0280, 0x00000177930a27b0, 0x00000177930a6220, 0x000001779309fd30,
0x00000177930a5230, 0x00000177930a3250, 0x000001779309ed40, 0x00000177930a2d00,
0x00000177930a1d10, 0x00000177930a2260, 0x00000177930a4790, 0x00000177930a17c0,
0x00000177930a5780, 0x000001779309e7f0, 0x000001779623e060, 0x0000017795ee3660,
0x0000017796450fb0, 0x0000017796241030, 0x0000017796243560, 0x0000017796241580,
0x0000017796243ab0, 0x000001779623faf0, 0x0000017796244aa0, 0x0000017796241ad0,
0x0000017796240040, 0x0000017796245a90, 0x0000017796454f70, 0x0000017796457f40,
0x00000177964554c0
}

Java Threads: ( => current thread )
  0x00000177f05984a0 JavaThread "main" [_thread_blocked, id=10752, stack(0x00000045f2b00000,0x00000045f2c00000)]
  0x00000177fecb3de0 JavaThread "Reference Handler" daemon [_thread_blocked, id=13604, stack(0x00000045f3200000,0x00000045f3300000)]
  0x00000177fecb4bb0 JavaThread "Finalizer" daemon [_thread_blocked, id=980, stack(0x00000045f3300000,0x00000045f3400000)]
  0x00000177fecc3970 JavaThread "Signal Dispatcher" daemon [_thread_blocked, id=8580, stack(0x00000045f3400000,0x00000045f3500000)]
  0x00000177fecc4380 JavaThread "Attach Listener" daemon [_thread_blocked, id=6260, stack(0x00000045f3500000,0x00000045f3600000)]
  0x00000177fecc8cb0 JavaThread "Service Thread" daemon [_thread_blocked, id=9960, stack(0x00000045f3600000,0x00000045f3700000)]
  0x00000177fecc9de0 JavaThread "Monitor Deflation Thread" daemon [_thread_blocked, id=15120, stack(0x00000045f3700000,0x00000045f3800000)]
=>0x00000177fecd5c40 JavaThread "C2 CompilerThread0" daemon [_thread_in_native, id=6060, stack(0x00000045f3800000,0x00000045f3900000)]
  0x00000177fece2130 JavaThread "C1 CompilerThread0" daemon [_thread_blocked, id=15364, stack(0x00000045f3900000,0x00000045f3a00000)]
  0x00000177feceaa10 JavaThread "Sweeper thread" daemon [_thread_blocked, id=7172, stack(0x00000045f3a00000,0x00000045f3b00000)]
  0x00000177ff8bbaa0 JavaThread "Common-Cleaner" daemon [_thread_blocked, id=6680, stack(0x00000045f3b00000,0x00000045f3c00000)]
  0x00000177ff8be9a0 JavaThread "Notification Thread" daemon [_thread_blocked, id=11112, stack(0x00000045f3c00000,0x00000045f3d00000)]
  0x0000017792fb1ea0 JavaThread "Daemon health stats" [_thread_blocked, id=6476, stack(0x00000045f4400000,0x00000045f4500000)]
  0x0000017792beb3b0 JavaThread "Incoming local TCP Connector on port 51777" [_thread_in_native, id=3880, stack(0x00000045f4500000,0x00000045f4600000)]
  0x00000177ff9c6fd0 JavaThread "Daemon periodic checks" [_thread_blocked, id=13908, stack(0x00000045f3e00000,0x00000045f3f00000)]
  0x000001779111cb30 JavaThread "Cache worker for file hash cache (C:\Users\OS\.gradle\caches\7.0.2\fileHashes)" [_thread_blocked, id=2312, stack(0x00000045f4d00000,0x00000045f4e00000)]
  0x000001779111d080 JavaThread "File lock request listener" [_thread_in_native, id=1844, stack(0x00000045f4e00000,0x00000045f4f00000)]
  0x000001779111bb40 JavaThread "Cache worker for journal cache (C:\Users\OS\.gradle\caches\journal-1)" [_thread_blocked, id=10680, stack(0x00000045f4f00000,0x00000045f5000000)]
  0x000001779111b5f0 JavaThread "File watcher server" daemon [_thread_in_native, id=7524, stack(0x00000045f5600000,0x00000045f5700000)]
  0x000001779111ab50 JavaThread "File watcher consumer" daemon [_thread_blocked, id=8472, stack(0x00000045f5700000,0x00000045f5800000)]
  0x00000177930a0280 JavaThread "jar transforms" [_thread_blocked, id=3304, stack(0x00000045f5800000,0x00000045f5900000)]
  0x00000177930a27b0 JavaThread "jar transforms Thread 2" [_thread_blocked, id=15044, stack(0x00000045f5900000,0x00000045f5a00000)]
  0x00000177930a6220 JavaThread "jar transforms Thread 3" [_thread_blocked, id=8568, stack(0x00000045f5a00000,0x00000045f5b00000)]
  0x000001779309fd30 JavaThread "jar transforms Thread 4" [_thread_blocked, id=13212, stack(0x00000045f5b00000,0x00000045f5c00000)]
  0x00000177930a5230 JavaThread "jar transforms Thread 5" [_thread_blocked, id=13936, stack(0x00000045f5c00000,0x00000045f5d00000)]
  0x00000177930a3250 JavaThread "jar transforms Thread 6" [_thread_blocked, id=15104, stack(0x00000045f5d00000,0x00000045f5e00000)]
  0x000001779309ed40 JavaThread "jar transforms Thread 7" [_thread_blocked, id=10020, stack(0x00000045f5e00000,0x00000045f5f00000)]
  0x00000177930a2d00 JavaThread "jar transforms Thread 8" [_thread_blocked, id=13516, stack(0x00000045f5f00000,0x00000045f6000000)]
  0x00000177930a1d10 JavaThread "jar transforms Thread 9" [_thread_blocked, id=6052, stack(0x00000045f6000000,0x00000045f6100000)]
  0x00000177930a2260 JavaThread "jar transforms Thread 10" [_thread_blocked, id=10160, stack(0x00000045f6100000,0x00000045f6200000)]
  0x00000177930a4790 JavaThread "jar transforms Thread 11" [_thread_blocked, id=6920, stack(0x00000045f6200000,0x00000045f6300000)]
  0x00000177930a17c0 JavaThread "jar transforms Thread 12" [_thread_blocked, id=15036, stack(0x00000045f6300000,0x00000045f6400000)]
  0x00000177930a5780 JavaThread "Cache worker for execution history cache (C:\Users\OS\.gradle\caches\7.0.2\executionHistory)" [_thread_blocked, id=11096, stack(0x00000045f6900000,0x00000045f6a00000)]
  0x000001779309e7f0 JavaThread "Cache worker for file content cache (C:\Users\OS\.gradle\caches\7.0.2\fileContent)" [_thread_blocked, id=15152, stack(0x00000045f6a00000,0x00000045f6b00000)]
  0x000001779623e060 JavaThread "Memory manager" [_thread_blocked, id=1856, stack(0x00000045f7900000,0x00000045f7a00000)]
  0x0000017795ee3660 JavaThread "Cache worker for Java compile cache (C:\Users\OS\.gradle\caches\7.0.2\javaCompile)" [_thread_blocked, id=8656, stack(0x00000045f9200000,0x00000045f9300000)]
  0x0000017796450fb0 JavaThread "ForkJoinPool.commonPool-worker-7" daemon [_thread_blocked, id=5424, stack(0x00000045fa000000,0x00000045fa100000)]
  0x0000017796241030 JavaThread "Daemon Thread 4" [_thread_blocked, id=8672, stack(0x00000045f2800000,0x00000045f2900000)]
  0x0000017796243560 JavaThread "Handler for socket connection from /127.0.0.1:51777 to /127.0.0.1:53014" [_thread_in_native, id=11572, stack(0x00000045f2900000,0x00000045f2a00000)]
  0x0000017796241580 JavaThread "Cancel handler" [_thread_blocked, id=6688, stack(0x00000045f2a00000,0x00000045f2b00000)]
  0x0000017796243ab0 JavaThread "Daemon worker Thread 4" [_thread_in_native, id=1432, stack(0x00000045f4600000,0x00000045f4700000)]
  0x000001779623faf0 JavaThread "Asynchronous log dispatcher for DefaultDaemonConnection: socket connection from /127.0.0.1:51777 to /127.0.0.1:53014" [_thread_blocked, id=4612, stack(0x00000045f4700000,0x00000045f4800000)]
  0x0000017796244aa0 JavaThread "Daemon client event forwarder" [_thread_blocked, id=2324, stack(0x00000045f4900000,0x00000045f4a00000)]
  0x0000017796241ad0 JavaThread "Cache worker for file hash cache (E:\Sprint2\.gradle\7.0.2\fileHashes)" [_thread_blocked, id=11964, stack(0x00000045f4a00000,0x00000045f4b00000)]
  0x0000017796240040 JavaThread "Cache worker for checksums cache (E:\Sprint2\.gradle\checksums)" [_thread_blocked, id=12472, stack(0x00000045f4b00000,0x00000045f4c00000)]
  0x0000017796245a90 JavaThread "Cache worker for cache directory md-supplier (C:\Users\OS\.gradle\caches\7.0.2\md-supplier)" [_thread_blocked, id=8836, stack(0x00000045f5000000,0x00000045f5100000)]
  0x0000017796454f70 JavaThread "Cache worker for cache directory md-rule (C:\Users\OS\.gradle\caches\7.0.2\md-rule)" [_thread_blocked, id=11744, stack(0x00000045f5500000,0x00000045f5600000)]
  0x0000017796457f40 JavaThread "Cache worker for dependencies-accessors (E:\Sprint2\.gradle\7.0.2\dependencies-accessors)" [_thread_blocked, id=12812, stack(0x00000045f6400000,0x00000045f6500000)]
  0x00000177964554c0 JavaThread "Cache worker for Build Output Cleanup Cache (E:\Sprint2\.gradle\buildOutputCleanup)" [_thread_blocked, id=10676, stack(0x00000045f4800000,0x00000045f4900000)]

Other Threads:
  0x00000177fecb0280 VMThread "VM Thread" [stack: 0x00000045f3100000,0x00000045f3200000] [id=13696]
  0x00000177ff8c12e0 WatcherThread [stack: 0x00000045f3d00000,0x00000045f3e00000] [id=15856]
  0x00000177f05d9a10 GCTaskThread "GC Thread#0" [stack: 0x00000045f2c00000,0x00000045f2d00000] [id=6180]
  0x00000177916133c0 GCTaskThread "GC Thread#1" [stack: 0x00000045f3f00000,0x00000045f4000000] [id=15616]
  0x00000177916136d0 GCTaskThread "GC Thread#2" [stack: 0x00000045f4000000,0x00000045f4100000] [id=12724]
  0x00000177917fec50 GCTaskThread "GC Thread#3" [stack: 0x00000045f4100000,0x00000045f4200000] [id=9804]
  0x00000177914637f0 GCTaskThread "GC Thread#4" [stack: 0x00000045f4200000,0x00000045f4300000] [id=13300]
  0x0000017791a36240 GCTaskThread "GC Thread#5" [stack: 0x00000045f4300000,0x00000045f4400000] [id=12592]
  0x0000017791731d20 GCTaskThread "GC Thread#6" [stack: 0x00000045f5100000,0x00000045f5200000] [id=8696]
  0x00000177948fb390 GCTaskThread "GC Thread#7" [stack: 0x00000045f5200000,0x00000045f5300000] [id=15280]
  0x00000177949d0ac0 GCTaskThread "GC Thread#8" [stack: 0x00000045f5300000,0x00000045f5400000] [id=14860]
  0x000001779495b3a0 GCTaskThread "GC Thread#9" [stack: 0x00000045f5400000,0x00000045f5500000] [id=8932]
  0x00000177f05ea960 ConcurrentGCThread "G1 Main Marker" [stack: 0x00000045f2d00000,0x00000045f2e00000] [id=13504]
  0x00000177f05eb2e0 ConcurrentGCThread "G1 Conc#0" [stack: 0x00000045f2e00000,0x00000045f2f00000] [id=5452]
  0x000001779495ad80 ConcurrentGCThread "G1 Conc#1" [stack: 0x00000045f6600000,0x00000045f6700000] [id=11092]
  0x000001779495b9c0 ConcurrentGCThread "G1 Conc#2" [stack: 0x00000045f6700000,0x00000045f6800000] [id=4580]
  0x00000177f0670800 ConcurrentGCThread "G1 Refine#0" [stack: 0x00000045f2f00000,0x00000045f3000000] [id=1408]
  0x000001779483aa70 ConcurrentGCThread "G1 Refine#1" [stack: 0x00000045f7700000,0x00000045f7800000] [id=6392]
  0x0000017792bab310 ConcurrentGCThread "G1 Refine#2" [stack: 0x00000045f7800000,0x00000045f7900000] [id=13256]
  0x000001779a9797c0 ConcurrentGCThread "G1 Refine#3" [stack: 0x00000045f7a00000,0x00000045f7b00000] [id=12960]
  0x000001779a976d80 ConcurrentGCThread "G1 Refine#4" [stack: 0x00000045f7b00000,0x00000045f7c00000] [id=3592]
  0x000001779a977400 ConcurrentGCThread "G1 Refine#5" [stack: 0x00000045f8900000,0x00000045f8a00000] [id=6608]
  0x000001779a979b00 ConcurrentGCThread "G1 Refine#6" [stack: 0x00000045f8a00000,0x00000045f8b00000] [id=15060]
  0x000001779a978100 ConcurrentGCThread "G1 Refine#7" [stack: 0x00000045f8b00000,0x00000045f8c00000] [id=15876]
  0x000001779a978ac0 ConcurrentGCThread "G1 Refine#8" [stack: 0x00000045f8c00000,0x00000045f8d00000] [id=7716]
  0x000001779a9770c0 ConcurrentGCThread "G1 Refine#9" [stack: 0x00000045f4c00000,0x00000045f4d00000] [id=11624]
  0x00000177feb702f0 ConcurrentGCThread "G1 Service" [stack: 0x00000045f3000000,0x00000045f3100000] [id=3976]

Threads with active compile tasks:
C2 CompilerThread0  7617078 21768   !   4       org.gradle.cache.internal.DefaultCacheAccess::useCache (191 bytes)

VM state: not at safepoint (normal execution)

VM Mutex/Monitor currently owned by a thread: None

Heap address: 0x0000000080000000, size: 2048 MB, Compressed Oops mode: 32-bit

CDS archive(s) mapped at: [0x0000000800000000-0x0000000800be0000-0x0000000800be0000), size 12451840, SharedBaseAddress: 0x0000000800000000, ArchiveRelocationMode: 0.
Compressed class space mapped at: 0x0000000800c00000-0x0000000840c00000, reserved size: 1073741824
Narrow klass base: 0x0000000800000000, Narrow klass shift: 3, Narrow klass range: 0x100000000

GC Precious Log:
 CPUs: 12 total, 12 available
 Memory: 8051M
 Large Page Support: Disabled
 NUMA Support: Disabled
 Compressed Oops: Enabled (32-bit)
 Heap Region Size: 1M
 Heap Min Capacity: 8M
 Heap Initial Capacity: 126M
 Heap Max Capacity: 2G
 Pre-touch: Disabled
 Parallel Workers: 10
 Concurrent Workers: 3
 Concurrent Refinement Workers: 10
 Periodic GC: Disabled

Heap:
 garbage-first heap   total 247808K, used 143300K [0x0000000080000000, 0x0000000100000000)
  region size 1024K, 9 young (9216K), 1 survivors (1024K)
 Metaspace       used 127891K, committed 128768K, reserved 1163264K
  class space    used 16634K, committed 17088K, reserved 1048576K

Heap Regions: E=young(eden), S=young(survivor), O=old, HS=humongous(starts), HC=humongous(continues), CS=collection set, F=free, OA=open archive, CA=closed archive, TAMS=top-at-mark-start (previous, next)
|   0|0x0000000080000000, 0x0000000080100000, 0x0000000080100000|100%| O|  |TAMS 0x0000000080100000, 0x0000000080000000| Untracked 
|   1|0x0000000080100000, 0x0000000080200000, 0x0000000080200000|100%| O|  |TAMS 0x0000000080200000, 0x0000000080100000| Untracked 
|   2|0x0000000080200000, 0x0000000080300000, 0x0000000080300000|100%| O|  |TAMS 0x0000000080300000, 0x0000000080200000| Untracked 
|   3|0x0000000080300000, 0x0000000080400000, 0x0000000080400000|100%|HS|  |TAMS 0x0000000080400000, 0x0000000080300000| Complete 
|   4|0x0000000080400000, 0x0000000080500000, 0x0000000080500000|100%|HC|  |TAMS 0x0000000080500000, 0x0000000080400000| Complete 
|   5|0x0000000080500000, 0x0000000080600000, 0x0000000080600000|100%|HC|  |TAMS 0x0000000080600000, 0x0000000080500000| Complete 
|   6|0x0000000080600000, 0x0000000080700000, 0x0000000080700000|100%| O|  |TAMS 0x0000000080600000, 0x0000000080600000| Untracked 
|   7|0x0000000080700000, 0x0000000080800000, 0x0000000080800000|100%| O|  |TAMS 0x0000000080800000, 0x0000000080700000| Untracked 
|   8|0x0000000080800000, 0x0000000080900000, 0x0000000080900000|100%| O|  |TAMS 0x0000000080900000, 0x0000000080800000| Untracked 
|   9|0x0000000080900000, 0x0000000080a00000, 0x0000000080a00000|100%| O|  |TAMS 0x0000000080a00000, 0x0000000080900000| Untracked 
|  10|0x0000000080a00000, 0x0000000080b00000, 0x0000000080b00000|100%| O|  |TAMS 0x0000000080b00000, 0x0000000080a00000| Untracked 
|  11|0x0000000080b00000, 0x0000000080c00000, 0x0000000080c00000|100%|HS|  |TAMS 0x0000000080c00000, 0x0000000080b00000| Complete 
|  12|0x0000000080c00000, 0x0000000080d00000, 0x0000000080d00000|100%|HC|  |TAMS 0x0000000080d00000, 0x0000000080c00000| Complete 
|  13|0x0000000080d00000, 0x0000000080e00000, 0x0000000080e00000|100%|HS|  |TAMS 0x0000000080e00000, 0x0000000080d00000| Complete 
|  14|0x0000000080e00000, 0x0000000080f00000, 0x0000000080f00000|100%|HC|  |TAMS 0x0000000080f00000, 0x0000000080e00000| Complete 
|  15|0x0000000080f00000, 0x0000000081000000, 0x0000000081000000|100%|HC|  |TAMS 0x0000000081000000, 0x0000000080f00000| Complete 
|  16|0x0000000081000000, 0x0000000081100000, 0x0000000081100000|100%|HS|  |TAMS 0x0000000081100000, 0x0000000081000000| Complete 
|  17|0x0000000081100000, 0x0000000081200000, 0x0000000081200000|100%|HC|  |TAMS 0x0000000081200000, 0x0000000081100000| Complete 
|  18|0x0000000081200000, 0x0000000081300000, 0x0000000081300000|100%|HC|  |TAMS 0x0000000081300000, 0x0000000081200000| Complete 
|  19|0x0000000081300000, 0x0000000081400000, 0x0000000081400000|100%|HC|  |TAMS 0x0000000081400000, 0x0000000081300000| Complete 
|  20|0x0000000081400000, 0x0000000081500000, 0x0000000081500000|100%|HC|  |TAMS 0x0000000081500000, 0x0000000081400000| Complete 
|  21|0x0000000081500000, 0x0000000081600000, 0x0000000081600000|100%| O|  |TAMS 0x0000000081600000, 0x0000000081500000| Untracked 
|  22|0x0000000081600000, 0x0000000081700000, 0x0000000081700000|100%| O|  |TAMS 0x0000000081700000, 0x0000000081600000| Untracked 
|  23|0x0000000081700000, 0x0000000081800000, 0x0000000081800000|100%| O|  |TAMS 0x0000000081800000, 0x0000000081700000| Untracked 
|  24|0x0000000081800000, 0x0000000081900000, 0x0000000081900000|100%| O|  |TAMS 0x0000000081900000, 0x0000000081800000| Untracked 
|  25|0x0000000081900000, 0x0000000081a00000, 0x0000000081a00000|100%| O|  |TAMS 0x0000000081a00000, 0x0000000081900000| Untracked 
|  26|0x0000000081a00000, 0x0000000081b00000, 0x0000000081b00000|100%| O|  |TAMS 0x0000000081b00000, 0x0000000081a00000| Untracked 
|  27|0x0000000081b00000, 0x0000000081c00000, 0x0000000081c00000|100%| O|  |TAMS 0x0000000081c00000, 0x0000000081b00000| Untracked 
|  28|0x0000000081c00000, 0x0000000081d00000, 0x0000000081d00000|100%| O|  |TAMS 0x0000000081d00000, 0x0000000081c00000| Untracked 
|  29|0x0000000081d00000, 0x0000000081e00000, 0x0000000081e00000|100%|HS|  |TAMS 0x0000000081e00000, 0x0000000081d00000| Complete 
|  30|0x0000000081e00000, 0x0000000081f00000, 0x0000000081f00000|100%|HC|  |TAMS 0x0000000081f00000, 0x0000000081e00000| Complete 
|  31|0x0000000081f00000, 0x0000000082000000, 0x0000000082000000|100%|HC|  |TAMS 0x0000000082000000, 0x0000000081f00000| Complete 
|  32|0x0000000082000000, 0x0000000082100000, 0x0000000082100000|100%| O|  |TAMS 0x0000000082100000, 0x0000000082000000| Untracked 
|  33|0x0000000082100000, 0x0000000082200000, 0x0000000082200000|100%| O|  |TAMS 0x0000000082200000, 0x0000000082100000| Untracked 
|  34|0x0000000082200000, 0x0000000082300000, 0x0000000082300000|100%|HS|  |TAMS 0x0000000082300000, 0x0000000082200000| Complete 
|  35|0x0000000082300000, 0x0000000082400000, 0x0000000082400000|100%|HC|  |TAMS 0x0000000082400000, 0x0000000082300000| Complete 
|  36|0x0000000082400000, 0x0000000082500000, 0x0000000082500000|100%|HC|  |TAMS 0x0000000082500000, 0x0000000082400000| Complete 
|  37|0x0000000082500000, 0x0000000082600000, 0x0000000082600000|100%|HC|  |TAMS 0x0000000082600000, 0x0000000082500000| Complete 
|  38|0x0000000082600000, 0x0000000082700000, 0x0000000082700000|100%|HC|  |TAMS 0x0000000082700000, 0x0000000082600000| Complete 
|  39|0x0000000082700000, 0x0000000082800000, 0x0000000082800000|100%| O|  |TAMS 0x0000000082700000, 0x0000000082700000| Untracked 
|  40|0x0000000082800000, 0x0000000082900000, 0x0000000082900000|100%| O|  |TAMS 0x0000000082900000, 0x0000000082800000| Untracked 
|  41|0x0000000082900000, 0x0000000082a00000, 0x0000000082a00000|100%| O|  |TAMS 0x0000000082a00000, 0x0000000082900000| Untracked 
|  42|0x0000000082a00000, 0x0000000082b00000, 0x0000000082b00000|100%| O|  |TAMS 0x0000000082b00000, 0x0000000082a00000| Untracked 
|  43|0x0000000082b00000, 0x0000000082c00000, 0x0000000082c00000|100%| O|  |TAMS 0x0000000082c00000, 0x0000000082b00000| Untracked 
|  44|0x0000000082c00000, 0x0000000082d00000, 0x0000000082d00000|100%| O|  |TAMS 0x0000000082d00000, 0x0000000082c00000| Untracked 
|  45|0x0000000082d00000, 0x0000000082e00000, 0x0000000082e00000|100%| O|  |TAMS 0x0000000082e00000, 0x0000000082d00000| Untracked 
|  46|0x0000000082e00000, 0x0000000082f00000, 0x0000000082f00000|100%| O|  |TAMS 0x0000000082f00000, 0x0000000082e00000| Untracked 
|  47|0x0000000082f00000, 0x0000000083000000, 0x0000000083000000|100%| O|  |TAMS 0x0000000083000000, 0x0000000082f00000| Untracked 
|  48|0x0000000083000000, 0x0000000083100000, 0x0000000083100000|100%| O|  |TAMS 0x0000000083100000, 0x0000000083000000| Untracked 
|  49|0x0000000083100000, 0x0000000083200000, 0x0000000083200000|100%| O|  |TAMS 0x0000000083200000, 0x0000000083100000| Untracked 
|  50|0x0000000083200000, 0x0000000083300000, 0x0000000083300000|100%| O|  |TAMS 0x0000000083300000, 0x0000000083200000| Untracked 
|  51|0x0000000083300000, 0x0000000083400000, 0x0000000083400000|100%| O|  |TAMS 0x0000000083400000, 0x0000000083300000| Untracked 
|  52|0x0000000083400000, 0x0000000083500000, 0x0000000083500000|100%| O|  |TAMS 0x0000000083500000, 0x0000000083400000| Untracked 
|  53|0x0000000083500000, 0x0000000083600000, 0x0000000083600000|100%| O|  |TAMS 0x0000000083600000, 0x0000000083500000| Untracked 
|  54|0x0000000083600000, 0x0000000083700000, 0x0000000083700000|100%| O|  |TAMS 0x0000000083700000, 0x0000000083600000| Untracked 
|  55|0x0000000083700000, 0x0000000083800000, 0x0000000083800000|100%| O|  |TAMS 0x0000000083800000, 0x0000000083700000| Untracked 
|  56|0x0000000083800000, 0x0000000083900000, 0x0000000083900000|100%|HS|  |TAMS 0x0000000083900000, 0x0000000083800000| Complete 
|  57|0x0000000083900000, 0x0000000083a00000, 0x0000000083a00000|100%|HS|  |TAMS 0x0000000083a00000, 0x0000000083900000| Complete 
|  58|0x0000000083a00000, 0x0000000083b00000, 0x0000000083b00000|100%| O|  |TAMS 0x0000000083b00000, 0x0000000083a00000| Untracked 
|  59|0x0000000083b00000, 0x0000000083c00000, 0x0000000083c00000|100%| O|  |TAMS 0x0000000083c00000, 0x0000000083b00000| Untracked 
|  60|0x0000000083c00000, 0x0000000083d00000, 0x0000000083d00000|100%|HS|  |TAMS 0x0000000083d00000, 0x0000000083c00000| Complete 
|  61|0x0000000083d00000, 0x0000000083e00000, 0x0000000083e00000|100%|HC|  |TAMS 0x0000000083e00000, 0x0000000083d00000| Complete 
|  62|0x0000000083e00000, 0x0000000083f00000, 0x0000000083f00000|100%| O|  |TAMS 0x0000000083f00000, 0x0000000083e00000| Untracked 
|  63|0x0000000083f00000, 0x0000000084000000, 0x0000000084000000|100%| O|  |TAMS 0x0000000084000000, 0x0000000083f00000| Untracked 
|  64|0x0000000084000000, 0x0000000084100000, 0x0000000084100000|100%| O|  |TAMS 0x0000000084100000, 0x0000000084000000| Untracked 
|  65|0x0000000084100000, 0x0000000084200000, 0x0000000084200000|100%| O|  |TAMS 0x0000000084200000, 0x0000000084100000| Untracked 
|  66|0x0000000084200000, 0x0000000084300000, 0x0000000084300000|100%| O|  |TAMS 0x0000000084300000, 0x0000000084200000| Untracked 
|  67|0x0000000084300000, 0x0000000084400000, 0x0000000084400000|100%| O|  |TAMS 0x0000000084400000, 0x0000000084300000| Untracked 
|  68|0x0000000084400000, 0x0000000084500000, 0x0000000084500000|100%| O|  |TAMS 0x0000000084500000, 0x0000000084400000| Untracked 
|  69|0x0000000084500000, 0x0000000084600000, 0x0000000084600000|100%| O|  |TAMS 0x0000000084600000, 0x0000000084500000| Untracked 
|  70|0x0000000084600000, 0x0000000084622800, 0x0000000084700000| 13%| O|  |TAMS 0x0000000084600000, 0x0000000084600000| Untracked 
|  71|0x0000000084700000, 0x0000000084800000, 0x0000000084800000|100%| O|  |TAMS 0x0000000084800000, 0x0000000084700000| Untracked 
|  72|0x0000000084800000, 0x0000000084900000, 0x0000000084900000|100%| O|  |TAMS 0x0000000084900000, 0x0000000084800000| Untracked 
|  73|0x0000000084900000, 0x0000000084a00000, 0x0000000084a00000|100%| O|  |TAMS 0x0000000084a00000, 0x0000000084900000| Untracked 
|  74|0x0000000084a00000, 0x0000000084b00000, 0x0000000084b00000|100%| O|  |TAMS 0x0000000084b00000, 0x0000000084a00000| Untracked 
|  75|0x0000000084b00000, 0x0000000084b00000, 0x0000000084c00000|  0%| F|  |TAMS 0x0000000084b00000, 0x0000000084b00000| Untracked 
|  76|0x0000000084c00000, 0x0000000084d00000, 0x0000000084d00000|100%| O|  |TAMS 0x0000000084d00000, 0x0000000084c00000| Untracked 
|  77|0x0000000084d00000, 0x0000000084d00000, 0x0000000084e00000|  0%| F|  |TAMS 0x0000000084d00000, 0x0000000084d00000| Untracked 
|  78|0x0000000084e00000, 0x0000000084f00000, 0x0000000084f00000|100%| O|  |TAMS 0x0000000084f00000, 0x0000000084e00000| Untracked 
|  79|0x0000000084f00000, 0x0000000084f00000, 0x0000000085000000|  0%| F|  |TAMS 0x0000000084f00000, 0x0000000084f00000| Untracked 
|  80|0x0000000085000000, 0x0000000085000000, 0x0000000085100000|  0%| F|  |TAMS 0x0000000085000000, 0x0000000085000000| Untracked 
|  81|0x0000000085100000, 0x0000000085100000, 0x0000000085200000|  0%| F|  |TAMS 0x0000000085100000, 0x0000000085100000| Untracked 
|  82|0x0000000085200000, 0x0000000085300000, 0x0000000085300000|100%| O|  |TAMS 0x0000000085300000, 0x0000000085200000| Untracked 
|  83|0x0000000085300000, 0x0000000085400000, 0x0000000085400000|100%| O|  |TAMS 0x0000000085400000, 0x0000000085300000| Untracked 
|  84|0x0000000085400000, 0x0000000085500000, 0x0000000085500000|100%| O|  |TAMS 0x0000000085500000, 0x0000000085400000| Untracked 
|  85|0x0000000085500000, 0x0000000085600000, 0x0000000085600000|100%| O|  |TAMS 0x0000000085600000, 0x0000000085500000| Untracked 
|  86|0x0000000085600000, 0x0000000085600000, 0x0000000085700000|  0%| F|  |TAMS 0x0000000085600000, 0x0000000085600000| Untracked 
|  87|0x0000000085700000, 0x0000000085800000, 0x0000000085800000|100%|HS|  |TAMS 0x0000000085800000, 0x0000000085700000| Complete 
|  88|0x0000000085800000, 0x0000000085900000, 0x0000000085900000|100%|HC|  |TAMS 0x0000000085900000, 0x0000000085800000| Complete 
|  89|0x0000000085900000, 0x0000000085900000, 0x0000000085a00000|  0%| F|  |TAMS 0x0000000085900000, 0x0000000085900000| Untracked 
|  90|0x0000000085a00000, 0x0000000085b00000, 0x0000000085b00000|100%| O|  |TAMS 0x0000000085b00000, 0x0000000085a00000| Untracked 
|  91|0x0000000085b00000, 0x0000000085b00000, 0x0000000085c00000|  0%| F|  |TAMS 0x0000000085b00000, 0x0000000085b00000| Untracked 
|  92|0x0000000085c00000, 0x0000000085d00000, 0x0000000085d00000|100%| O|  |TAMS 0x0000000085d00000, 0x0000000085c00000| Untracked 
|  93|0x0000000085d00000, 0x0000000085e00000, 0x0000000085e00000|100%| O|  |TAMS 0x0000000085e00000, 0x0000000085d00000| Untracked 
|  94|0x0000000085e00000, 0x0000000085f00000, 0x0000000085f00000|100%| O|  |TAMS 0x0000000085f00000, 0x0000000085e00000| Untracked 
|  95|0x0000000085f00000, 0x0000000086000000, 0x0000000086000000|100%| O|  |TAMS 0x0000000086000000, 0x0000000085f00000| Untracked 
|  96|0x0000000086000000, 0x0000000086000000, 0x0000000086100000|  0%| F|  |TAMS 0x0000000086000000, 0x0000000086000000| Untracked 
|  97|0x0000000086100000, 0x0000000086100000, 0x0000000086200000|  0%| F|  |TAMS 0x0000000086100000, 0x0000000086100000| Untracked 
|  98|0x0000000086200000, 0x0000000086200000, 0x0000000086300000|  0%| F|  |TAMS 0x0000000086200000, 0x0000000086200000| Untracked 
|  99|0x0000000086300000, 0x0000000086300000, 0x0000000086400000|  0%| F|  |TAMS 0x0000000086300000, 0x0000000086300000| Untracked 
| 100|0x0000000086400000, 0x0000000086400000, 0x0000000086500000|  0%| F|  |TAMS 0x0000000086400000, 0x0000000086400000| Untracked 
| 101|0x0000000086500000, 0x0000000086500000, 0x0000000086600000|  0%| F|  |TAMS 0x0000000086500000, 0x0000000086500000| Untracked 
| 102|0x0000000086600000, 0x0000000086600000, 0x0000000086700000|  0%| F|  |TAMS 0x0000000086600000, 0x0000000086600000| Untracked 
| 103|0x0000000086700000, 0x0000000086700000, 0x0000000086800000|  0%| F|  |TAMS 0x0000000086700000, 0x0000000086700000| Untracked 
| 104|0x0000000086800000, 0x0000000086900000, 0x0000000086900000|100%| O|  |TAMS 0x0000000086900000, 0x0000000086800000| Untracked 
| 105|0x0000000086900000, 0x0000000086900000, 0x0000000086a00000|  0%| F|  |TAMS 0x0000000086900000, 0x0000000086900000| Untracked 
| 106|0x0000000086a00000, 0x0000000086a00000, 0x0000000086b00000|  0%| F|  |TAMS 0x0000000086a00000, 0x0000000086a00000| Untracked 
| 107|0x0000000086b00000, 0x0000000086c00000, 0x0000000086c00000|100%| O|  |TAMS 0x0000000086c00000, 0x0000000086b00000| Untracked 
| 108|0x0000000086c00000, 0x0000000086d00000, 0x0000000086d00000|100%| O|  |TAMS 0x0000000086d00000, 0x0000000086c00000| Untracked 
| 109|0x0000000086d00000, 0x0000000086d00000, 0x0000000086e00000|  0%| F|  |TAMS 0x0000000086d00000, 0x0000000086d00000| Untracked 
| 110|0x0000000086e00000, 0x0000000086f00000, 0x0000000086f00000|100%| O|  |TAMS 0x0000000086f00000, 0x0000000086e00000| Untracked 
| 111|0x0000000086f00000, 0x0000000087000000, 0x0000000087000000|100%| O|  |TAMS 0x0000000087000000, 0x0000000086f00000| Untracked 
| 112|0x0000000087000000, 0x0000000087100000, 0x0000000087100000|100%| O|  |TAMS 0x0000000087100000, 0x0000000087000000| Untracked 
| 113|0x0000000087100000, 0x0000000087200000, 0x0000000087200000|100%| O|  |TAMS 0x0000000087200000, 0x0000000087100000| Untracked 
| 114|0x0000000087200000, 0x0000000087300000, 0x0000000087300000|100%| O|  |TAMS 0x0000000087300000, 0x0000000087200000| Untracked 
| 115|0x0000000087300000, 0x0000000087400000, 0x0000000087400000|100%| O|  |TAMS 0x0000000087400000, 0x0000000087300000| Untracked 
| 116|0x0000000087400000, 0x0000000087500000, 0x0000000087500000|100%| O|  |TAMS 0x0000000087500000, 0x0000000087400000| Untracked 
| 117|0x0000000087500000, 0x0000000087500000, 0x0000000087600000|  0%| F|  |TAMS 0x0000000087500000, 0x0000000087500000| Untracked 
| 118|0x0000000087600000, 0x0000000087700000, 0x0000000087700000|100%| O|  |TAMS 0x0000000087700000, 0x0000000087600000| Untracked 
| 119|0x0000000087700000, 0x0000000087800000, 0x0000000087800000|100%| O|  |TAMS 0x0000000087800000, 0x0000000087700000| Untracked 
| 120|0x0000000087800000, 0x0000000087900000, 0x0000000087900000|100%| O|  |TAMS 0x0000000087900000, 0x0000000087800000| Untracked 
| 121|0x0000000087900000, 0x0000000087a00000, 0x0000000087a00000|100%| O|  |TAMS 0x0000000087a00000, 0x0000000087900000| Untracked 
| 122|0x0000000087a00000, 0x0000000087b00000, 0x0000000087b00000|100%| O|  |TAMS 0x0000000087b00000, 0x0000000087a00000| Untracked 
| 123|0x0000000087b00000, 0x0000000087c00000, 0x0000000087c00000|100%| O|  |TAMS 0x0000000087c00000, 0x0000000087b00000| Untracked 
| 124|0x0000000087c00000, 0x0000000087d00000, 0x0000000087d00000|100%| O|  |TAMS 0x0000000087d00000, 0x0000000087c00000| Untracked 
| 125|0x0000000087d00000, 0x0000000087e00000, 0x0000000087e00000|100%| O|  |TAMS 0x0000000087e00000, 0x0000000087d00000| Untracked 
| 126|0x0000000087e00000, 0x0000000087f00000, 0x0000000087f00000|100%| O|  |TAMS 0x0000000087f00000, 0x0000000087e00000| Untracked 
| 127|0x0000000087f00000, 0x0000000088000000, 0x0000000088000000|100%| O|  |TAMS 0x0000000088000000, 0x0000000087f00000| Untracked 
| 128|0x0000000088000000, 0x0000000088100000, 0x0000000088100000|100%| O|  |TAMS 0x0000000088100000, 0x0000000088000000| Untracked 
| 129|0x0000000088100000, 0x0000000088100000, 0x0000000088200000|  0%| F|  |TAMS 0x0000000088100000, 0x0000000088100000| Untracked 
| 130|0x0000000088200000, 0x0000000088300000, 0x0000000088300000|100%| O|  |TAMS 0x0000000088300000, 0x0000000088200000| Untracked 
| 131|0x0000000088300000, 0x0000000088400000, 0x0000000088400000|100%| O|  |TAMS 0x0000000088400000, 0x0000000088300000| Untracked 
| 132|0x0000000088400000, 0x0000000088500000, 0x0000000088500000|100%| O|  |TAMS 0x0000000088500000, 0x0000000088400000| Untracked 
| 133|0x0000000088500000, 0x0000000088600000, 0x0000000088600000|100%| O|  |TAMS 0x0000000088600000, 0x0000000088500000| Untracked 
| 134|0x0000000088600000, 0x0000000088700000, 0x0000000088700000|100%| O|  |TAMS 0x0000000088700000, 0x0000000088600000| Untracked 
| 135|0x0000000088700000, 0x0000000088800000, 0x0000000088800000|100%| O|  |TAMS 0x0000000088800000, 0x0000000088700000| Untracked 
| 136|0x0000000088800000, 0x0000000088900000, 0x0000000088900000|100%| O|  |TAMS 0x0000000088900000, 0x0000000088800000| Untracked 
| 137|0x0000000088900000, 0x0000000088a00000, 0x0000000088a00000|100%| O|  |TAMS 0x0000000088a00000, 0x0000000088900000| Untracked 
| 138|0x0000000088a00000, 0x0000000088b00000, 0x0000000088b00000|100%| O|  |TAMS 0x0000000088b00000, 0x0000000088a00000| Untracked 
| 139|0x0000000088b00000, 0x0000000088c00000, 0x0000000088c00000|100%| O|  |TAMS 0x0000000088c00000, 0x0000000088b00000| Untracked 
| 140|0x0000000088c00000, 0x0000000088d00000, 0x0000000088d00000|100%| O|  |TAMS 0x0000000088d00000, 0x0000000088c00000| Untracked 
| 141|0x0000000088d00000, 0x0000000088e00000, 0x0000000088e00000|100%| O|  |TAMS 0x0000000088e00000, 0x0000000088d00000| Untracked 
| 142|0x0000000088e00000, 0x0000000088f00000, 0x0000000088f00000|100%| O|  |TAMS 0x0000000088f00000, 0x0000000088e00000| Untracked 
| 143|0x0000000088f00000, 0x0000000089000000, 0x0000000089000000|100%| O|  |TAMS 0x0000000089000000, 0x0000000088f00000| Untracked 
| 144|0x0000000089000000, 0x0000000089100000, 0x0000000089100000|100%| O|  |TAMS 0x0000000089100000, 0x0000000089000000| Untracked 
| 145|0x0000000089100000, 0x0000000089200000, 0x0000000089200000|100%| O|  |TAMS 0x0000000089200000, 0x0000000089100000| Untracked 
| 146|0x0000000089200000, 0x0000000089300000, 0x0000000089300000|100%| O|  |TAMS 0x0000000089300000, 0x0000000089200000| Untracked 
| 147|0x0000000089300000, 0x0000000089400000, 0x0000000089400000|100%| O|  |TAMS 0x0000000089400000, 0x0000000089300000| Untracked 
| 148|0x0000000089400000, 0x0000000089500000, 0x0000000089500000|100%| O|  |TAMS 0x0000000089500000, 0x0000000089400000| Untracked 
| 149|0x0000000089500000, 0x0000000089600000, 0x0000000089600000|100%| O|  |TAMS 0x0000000089600000, 0x0000000089500000| Untracked 
| 150|0x0000000089600000, 0x0000000089700000, 0x0000000089700000|100%| O|  |TAMS 0x0000000089700000, 0x0000000089600000| Untracked 
| 151|0x0000000089700000, 0x0000000089800000, 0x0000000089800000|100%| O|  |TAMS 0x0000000089800000, 0x0000000089700000| Untracked 
| 152|0x0000000089800000, 0x0000000089900000, 0x0000000089900000|100%| O|  |TAMS 0x0000000089900000, 0x0000000089800000| Untracked 
| 153|0x0000000089900000, 0x0000000089a00000, 0x0000000089a00000|100%| O|  |TAMS 0x00000000899c5800, 0x0000000089900000| Untracked 
| 154|0x0000000089a00000, 0x0000000089a00000, 0x0000000089b00000|  0%| F|  |TAMS 0x0000000089a00000, 0x0000000089a00000| Untracked 
| 155|0x0000000089b00000, 0x0000000089b00000, 0x0000000089c00000|  0%| F|  |TAMS 0x0000000089b00000, 0x0000000089b00000| Untracked 
| 156|0x0000000089c00000, 0x0000000089c00000, 0x0000000089d00000|  0%| F|  |TAMS 0x0000000089c00000, 0x0000000089c00000| Untracked 
| 157|0x0000000089d00000, 0x0000000089d00000, 0x0000000089e00000|  0%| F|  |TAMS 0x0000000089d00000, 0x0000000089d00000| Untracked 
| 158|0x0000000089e00000, 0x0000000089e00000, 0x0000000089f00000|  0%| F|  |TAMS 0x0000000089e00000, 0x0000000089e00000| Untracked 
| 159|0x0000000089f00000, 0x0000000089f00000, 0x000000008a000000|  0%| F|  |TAMS 0x0000000089f00000, 0x0000000089f00000| Untracked 
| 160|0x000000008a000000, 0x000000008a000000, 0x000000008a100000|  0%| F|  |TAMS 0x000000008a000000, 0x000000008a000000| Untracked 
| 161|0x000000008a100000, 0x000000008a100000, 0x000000008a200000|  0%| F|  |TAMS 0x000000008a100000, 0x000000008a100000| Untracked 
| 162|0x000000008a200000, 0x000000008a200000, 0x000000008a300000|  0%| F|  |TAMS 0x000000008a200000, 0x000000008a200000| Untracked 
| 163|0x000000008a300000, 0x000000008a300000, 0x000000008a400000|  0%| F|  |TAMS 0x000000008a300000, 0x000000008a300000| Untracked 
| 164|0x000000008a400000, 0x000000008a400000, 0x000000008a500000|  0%| F|  |TAMS 0x000000008a400000, 0x000000008a400000| Untracked 
| 165|0x000000008a500000, 0x000000008a500000, 0x000000008a600000|  0%| F|  |TAMS 0x000000008a500000, 0x000000008a500000| Untracked 
| 166|0x000000008a600000, 0x000000008a600000, 0x000000008a700000|  0%| F|  |TAMS 0x000000008a600000, 0x000000008a600000| Untracked 
| 167|0x000000008a700000, 0x000000008a700000, 0x000000008a800000|  0%| F|  |TAMS 0x000000008a700000, 0x000000008a700000| Untracked 
| 168|0x000000008a800000, 0x000000008a800000, 0x000000008a900000|  0%| F|  |TAMS 0x000000008a800000, 0x000000008a800000| Untracked 
| 169|0x000000008a900000, 0x000000008a900000, 0x000000008aa00000|  0%| F|  |TAMS 0x000000008a900000, 0x000000008a900000| Untracked 
| 170|0x000000008aa00000, 0x000000008aa00000, 0x000000008ab00000|  0%| F|  |TAMS 0x000000008aa00000, 0x000000008aa00000| Untracked 
| 171|0x000000008ab00000, 0x000000008ab00000, 0x000000008ac00000|  0%| F|  |TAMS 0x000000008ab00000, 0x000000008ab00000| Untracked 
| 172|0x000000008ac00000, 0x000000008ac00000, 0x000000008ad00000|  0%| F|  |TAMS 0x000000008ac00000, 0x000000008ac00000| Untracked 
| 173|0x000000008ad00000, 0x000000008ad00000, 0x000000008ae00000|  0%| F|  |TAMS 0x000000008ad00000, 0x000000008ad00000| Untracked 
| 174|0x000000008ae00000, 0x000000008ae00000, 0x000000008af00000|  0%| F|  |TAMS 0x000000008ae00000, 0x000000008ae00000| Untracked 
| 175|0x000000008af00000, 0x000000008af00000, 0x000000008b000000|  0%| F|  |TAMS 0x000000008af00000, 0x000000008af00000| Untracked 
| 176|0x000000008b000000, 0x000000008b000000, 0x000000008b100000|  0%| F|  |TAMS 0x000000008b000000, 0x000000008b000000| Untracked 
| 177|0x000000008b100000, 0x000000008b100000, 0x000000008b200000|  0%| F|  |TAMS 0x000000008b100000, 0x000000008b100000| Untracked 
| 178|0x000000008b200000, 0x000000008b200000, 0x000000008b300000|  0%| F|  |TAMS 0x000000008b200000, 0x000000008b200000| Untracked 
| 179|0x000000008b300000, 0x000000008b300000, 0x000000008b400000|  0%| F|  |TAMS 0x000000008b300000, 0x000000008b300000| Untracked 
| 180|0x000000008b400000, 0x000000008b400000, 0x000000008b500000|  0%| F|  |TAMS 0x000000008b400000, 0x000000008b400000| Untracked 
| 181|0x000000008b500000, 0x000000008b500000, 0x000000008b600000|  0%| F|  |TAMS 0x000000008b500000, 0x000000008b500000| Untracked 
| 182|0x000000008b600000, 0x000000008b600000, 0x000000008b700000|  0%| F|  |TAMS 0x000000008b600000, 0x000000008b600000| Untracked 
| 183|0x000000008b700000, 0x000000008b700000, 0x000000008b800000|  0%| F|  |TAMS 0x000000008b700000, 0x000000008b700000| Untracked 
| 184|0x000000008b800000, 0x000000008b800000, 0x000000008b900000|  0%| F|  |TAMS 0x000000008b800000, 0x000000008b800000| Untracked 
| 185|0x000000008b900000, 0x000000008b900000, 0x000000008ba00000|  0%| F|  |TAMS 0x000000008b900000, 0x000000008b900000| Untracked 
| 186|0x000000008ba00000, 0x000000008ba00000, 0x000000008bb00000|  0%| F|  |TAMS 0x000000008ba00000, 0x000000008ba00000| Untracked 
| 187|0x000000008bb00000, 0x000000008bb00000, 0x000000008bc00000|  0%| F|  |TAMS 0x000000008bb00000, 0x000000008bb00000| Untracked 
| 188|0x000000008bc00000, 0x000000008bc00000, 0x000000008bd00000|  0%| F|  |TAMS 0x000000008bc00000, 0x000000008bc00000| Untracked 
| 189|0x000000008bd00000, 0x000000008bd00000, 0x000000008be00000|  0%| F|  |TAMS 0x000000008bd00000, 0x000000008bd00000| Untracked 
| 190|0x000000008be00000, 0x000000008be00000, 0x000000008bf00000|  0%| F|  |TAMS 0x000000008be00000, 0x000000008be00000| Untracked 
| 191|0x000000008bf00000, 0x000000008bf00000, 0x000000008c000000|  0%| F|  |TAMS 0x000000008bf00000, 0x000000008bf00000| Untracked 
| 192|0x000000008c000000, 0x000000008c000000, 0x000000008c100000|  0%| F|  |TAMS 0x000000008c000000, 0x000000008c000000| Untracked 
| 193|0x000000008c100000, 0x000000008c100000, 0x000000008c200000|  0%| F|  |TAMS 0x000000008c100000, 0x000000008c100000| Untracked 
| 194|0x000000008c200000, 0x000000008c200000, 0x000000008c300000|  0%| F|  |TAMS 0x000000008c200000, 0x000000008c200000| Untracked 
| 195|0x000000008c300000, 0x000000008c300000, 0x000000008c400000|  0%| F|  |TAMS 0x000000008c300000, 0x000000008c300000| Untracked 
| 196|0x000000008c400000, 0x000000008c400000, 0x000000008c500000|  0%| F|  |TAMS 0x000000008c400000, 0x000000008c400000| Untracked 
| 197|0x000000008c500000, 0x000000008c500000, 0x000000008c600000|  0%| F|  |TAMS 0x000000008c500000, 0x000000008c500000| Untracked 
| 198|0x000000008c600000, 0x000000008c600000, 0x000000008c700000|  0%| F|  |TAMS 0x000000008c600000, 0x000000008c600000| Untracked 
| 199|0x000000008c700000, 0x000000008c700000, 0x000000008c800000|  0%| F|  |TAMS 0x000000008c700000, 0x000000008c700000| Untracked 
| 200|0x000000008c800000, 0x000000008c800000, 0x000000008c900000|  0%| F|  |TAMS 0x000000008c800000, 0x000000008c800000| Untracked 
| 201|0x000000008c900000, 0x000000008c900000, 0x000000008ca00000|  0%| F|  |TAMS 0x000000008c900000, 0x000000008c900000| Untracked 
| 202|0x000000008ca00000, 0x000000008ca00000, 0x000000008cb00000|  0%| F|  |TAMS 0x000000008ca00000, 0x000000008ca00000| Untracked 
| 203|0x000000008cb00000, 0x000000008cb00000, 0x000000008cc00000|  0%| F|  |TAMS 0x000000008cb00000, 0x000000008cb00000| Untracked 
| 204|0x000000008cc00000, 0x000000008cc00000, 0x000000008cd00000|  0%| F|  |TAMS 0x000000008cc00000, 0x000000008cc00000| Untracked 
| 205|0x000000008cd00000, 0x000000008cd00000, 0x000000008ce00000|  0%| F|  |TAMS 0x000000008cd00000, 0x000000008cd00000| Untracked 
| 206|0x000000008ce00000, 0x000000008ce00000, 0x000000008cf00000|  0%| F|  |TAMS 0x000000008ce00000, 0x000000008ce00000| Untracked 
| 207|0x000000008cf00000, 0x000000008cf00000, 0x000000008d000000|  0%| F|  |TAMS 0x000000008cf00000, 0x000000008cf00000| Untracked 
| 208|0x000000008d000000, 0x000000008d000000, 0x000000008d100000|  0%| F|  |TAMS 0x000000008d000000, 0x000000008d000000| Untracked 
| 209|0x000000008d100000, 0x000000008d100000, 0x000000008d200000|  0%| F|  |TAMS 0x000000008d100000, 0x000000008d100000| Untracked 
| 210|0x000000008d200000, 0x000000008d200000, 0x000000008d300000|  0%| F|  |TAMS 0x000000008d200000, 0x000000008d200000| Untracked 
| 211|0x000000008d300000, 0x000000008d300000, 0x000000008d400000|  0%| F|  |TAMS 0x000000008d300000, 0x000000008d300000| Untracked 
| 212|0x000000008d400000, 0x000000008d400000, 0x000000008d500000|  0%| F|  |TAMS 0x000000008d400000, 0x000000008d400000| Untracked 
| 213|0x000000008d500000, 0x000000008d500000, 0x000000008d600000|  0%| F|  |TAMS 0x000000008d500000, 0x000000008d500000| Untracked 
| 214|0x000000008d600000, 0x000000008d600000, 0x000000008d700000|  0%| F|  |TAMS 0x000000008d600000, 0x000000008d600000| Untracked 
| 215|0x000000008d700000, 0x000000008d700000, 0x000000008d800000|  0%| F|  |TAMS 0x000000008d700000, 0x000000008d700000| Untracked 
| 216|0x000000008d800000, 0x000000008d800000, 0x000000008d900000|  0%| F|  |TAMS 0x000000008d800000, 0x000000008d800000| Untracked 
| 217|0x000000008d900000, 0x000000008d900000, 0x000000008da00000|  0%| F|  |TAMS 0x000000008d900000, 0x000000008d900000| Untracked 
| 218|0x000000008da00000, 0x000000008da00000, 0x000000008db00000|  0%| F|  |TAMS 0x000000008da00000, 0x000000008da00000| Untracked 
| 219|0x000000008db00000, 0x000000008db00000, 0x000000008dc00000|  0%| F|  |TAMS 0x000000008db00000, 0x000000008db00000| Untracked 
| 220|0x000000008dc00000, 0x000000008dc00000, 0x000000008dd00000|  0%| F|  |TAMS 0x000000008dc00000, 0x000000008dc00000| Untracked 
| 221|0x000000008dd00000, 0x000000008dd00000, 0x000000008de00000|  0%| F|  |TAMS 0x000000008dd00000, 0x000000008dd00000| Untracked 
| 222|0x000000008de00000, 0x000000008de00000, 0x000000008df00000|  0%| F|  |TAMS 0x000000008de00000, 0x000000008de00000| Untracked 
| 223|0x000000008df00000, 0x000000008df00000, 0x000000008e000000|  0%| F|  |TAMS 0x000000008df00000, 0x000000008df00000| Untracked 
| 224|0x000000008e000000, 0x000000008e000000, 0x000000008e100000|  0%| F|  |TAMS 0x000000008e000000, 0x000000008e000000| Untracked 
| 225|0x000000008e100000, 0x000000008e100000, 0x000000008e200000|  0%| F|  |TAMS 0x000000008e100000, 0x000000008e100000| Untracked 
| 226|0x000000008e200000, 0x000000008e200000, 0x000000008e300000|  0%| F|  |TAMS 0x000000008e200000, 0x000000008e200000| Untracked 
| 227|0x000000008e300000, 0x000000008e300000, 0x000000008e400000|  0%| F|  |TAMS 0x000000008e300000, 0x000000008e300000| Untracked 
| 228|0x000000008e400000, 0x000000008e400000, 0x000000008e500000|  0%| F|  |TAMS 0x000000008e400000, 0x000000008e400000| Untracked 
| 229|0x000000008e500000, 0x000000008e5ceb40, 0x000000008e600000| 80%| S|CS|TAMS 0x000000008e500000, 0x000000008e500000| Complete 
| 230|0x000000008e600000, 0x000000008e600000, 0x000000008e700000|  0%| F|  |TAMS 0x000000008e600000, 0x000000008e600000| Untracked 
| 231|0x000000008e700000, 0x000000008e700000, 0x000000008e800000|  0%| F|  |TAMS 0x000000008e700000, 0x000000008e700000| Untracked 
| 232|0x000000008e800000, 0x000000008e800000, 0x000000008e900000|  0%| F|  |TAMS 0x000000008e800000, 0x000000008e800000| Untracked 
| 233|0x000000008e900000, 0x000000008e900000, 0x000000008ea00000|  0%| F|  |TAMS 0x000000008e900000, 0x000000008e900000| Untracked 
| 234|0x000000008ea00000, 0x000000008ea08588, 0x000000008eb00000|  3%| E|  |TAMS 0x000000008ea00000, 0x000000008ea00000| Complete 
| 235|0x000000008eb00000, 0x000000008ec00000, 0x000000008ec00000|100%| E|CS|TAMS 0x000000008eb00000, 0x000000008eb00000| Complete 
| 236|0x000000008ec00000, 0x000000008ed00000, 0x000000008ed00000|100%| E|CS|TAMS 0x000000008ec00000, 0x000000008ec00000| Complete 
| 237|0x000000008ed00000, 0x000000008ee00000, 0x000000008ee00000|100%| E|CS|TAMS 0x000000008ed00000, 0x000000008ed00000| Complete 
| 238|0x000000008ee00000, 0x000000008ef00000, 0x000000008ef00000|100%| E|CS|TAMS 0x000000008ee00000, 0x000000008ee00000| Complete 
| 239|0x000000008ef00000, 0x000000008f000000, 0x000000008f000000|100%| E|CS|TAMS 0x000000008ef00000, 0x000000008ef00000| Complete 
| 240|0x000000008f000000, 0x000000008f100000, 0x000000008f100000|100%| E|CS|TAMS 0x000000008f000000, 0x000000008f000000| Complete 
| 241|0x000000008f100000, 0x000000008f200000, 0x000000008f200000|100%| E|CS|TAMS 0x000000008f100000, 0x000000008f100000| Complete 

Card table byte_map: [0x00000177f98c0000,0x00000177f9cc0000] _byte_map_base: 0x00000177f94c0000

Marking Bits (Prev, Next): (CMBitMap*) 0x00000177f05d9f90, (CMBitMap*) 0x00000177f05d9fd0
 Prev Bits: [0x00000177fa0c0000, 0x00000177fc0c0000)
 Next Bits: [0x00000177fc0c0000, 0x00000177fe0c0000)

Polling page: 0x00000177efd80000

Metaspace:

Usage:
  Non-class:    108.65 MB used.
      Class:     16.24 MB used.
       Both:    124.89 MB used.

Virtual space:
  Non-class space:      112.00 MB reserved,     109.06 MB ( 97%) committed,  14 nodes.
      Class space:        1.00 GB reserved,      16.69 MB (  2%) committed,  1 nodes.
              Both:        1.11 GB reserved,     125.75 MB ( 11%) committed. 

Chunk freelists:
   Non-Class:  2.45 MB
       Class:  3.24 MB
        Both:  5.69 MB

MaxMetaspaceSize: 17179869184.00 GB
CompressedClassSpaceSize: 1.00 GB
 - commit_granule_bytes: 65536.
 - commit_granule_words: 8192.
 - virtual_space_node_default_size: 1048576.
 - enlarge_chunks_in_place: 1.
 - new_chunks_are_fully_committed: 0.
 - uncommit_free_chunks: 1.
 - use_allocation_guard: 0.
 - handle_deallocations: 1.


Internal statistics:

num_allocs_failed_limit: 6.
num_arena_births: 1688.
num_arena_deaths: 558.
num_vsnodes_births: 15.
num_vsnodes_deaths: 0.
num_space_committed: 2012.
num_space_uncommitted: 0.
num_chunks_returned_to_freelist: 759.
num_chunks_taken_from_freelist: 7290.
num_chunk_merges: 266.
num_chunk_splits: 4522.
num_chunks_enlarged: 2921.
num_purges: 8.

CodeHeap 'non-profiled nmethods': size=120000Kb used=12823Kb max_used=12823Kb free=107176Kb
 bounds [0x0000017787ad0000, 0x0000017788760000, 0x000001778f000000]
CodeHeap 'profiled nmethods': size=120000Kb used=33754Kb max_used=34474Kb free=86245Kb
 bounds [0x00000177805a0000, 0x0000017782750000, 0x0000017787ad0000]
CodeHeap 'non-nmethods': size=5760Kb used=2528Kb max_used=2662Kb free=3231Kb
 bounds [0x0000017780000000, 0x00000177802b0000, 0x00000177805a0000]
 total_blobs=18288 nmethods=17219 adapters=980
 compilation: enabled
              stopped_count=0, restarted_count=0
 full_count=0

Compilation events (20 events):
Event: 7561.436 Thread 0x00000177fece2130 nmethod 21753 0x0000017780897a10 code [0x0000017780897be0, 0x0000017780897f08]
Event: 7564.346 Thread 0x00000177fece2130 21754       3       java.lang.invoke.BoundMethodHandle$SpeciesData::extendWith (62 bytes)
Event: 7565.217 Thread 0x00000177fece2130 nmethod 21754 0x000001778234d890 code [0x000001778234db00, 0x000001778234e5b8]
Event: 7575.091 Thread 0x00000177fece2130 21755       3       org.gradle.internal.logging.slf4j.OutputEventListenerBackedLogger::debug (7 bytes)
Event: 7575.561 Thread 0x00000177fece2130 nmethod 21755 0x000001778086fa10 code [0x000001778086fbc0, 0x000001778086fd08]
Event: 7575.561 Thread 0x00000177fece2130 21756       3       org.gradle.internal.logging.slf4j.BuildOperationAwareLogger::debug (18 bytes)
Event: 7575.813 Thread 0x00000177fece2130 nmethod 21756 0x000001778062bd10 code [0x000001778062bec0, 0x000001778062c138]
Event: 7588.153 Thread 0x00000177fecd5c40 21759       4       org.gradle.cache.internal.cacheops.CacheAccessOperationsStack::popCacheAction (44 bytes)
Event: 7588.996 Thread 0x00000177fecd5c40 nmethod 21759 0x0000017788758f10 code [0x0000017788759140, 0x000001778875a060]
Event: 7592.253 Thread 0x00000177fece2130 21760       3       org.gradle.internal.component.model.MultipleCandidateMatcher::setRequestedValue (8 bytes)
Event: 7592.436 Thread 0x00000177fece2130 nmethod 21760 0x00000177822f6c10 code [0x00000177822f6dc0, 0x00000177822f7078]
Event: 7592.610 Thread 0x00000177fecd5c40 21762       4       org.gradle.internal.component.external.model.VariantMetadataRules::applyCapabilitiesRules (86 bytes)
Event: 7592.754 Thread 0x00000177fecd5c40 nmethod 21762 0x00000177885bda90 code [0x00000177885bdc20, 0x00000177885bdcb8]
Event: 7592.754 Thread 0x00000177fecd5c40 21763       4       com.google.common.collect.ImmutableMap$Builder::putAll (62 bytes)
Event: 7593.483 Thread 0x00000177fecd5c40 nmethod 21763 0x000001778863f290 code [0x000001778863f480, 0x0000017788640268]
Event: 7593.483 Thread 0x00000177fecd5c40 21764       4       java.util.Collections$EmptySet::iterator (4 bytes)
Event: 7593.485 Thread 0x00000177fecd5c40 nmethod 21764 0x00000177885bf210 code [0x00000177885bf3a0, 0x00000177885bf418]
Event: 7595.589 Thread 0x00000177fecd5c40 21767       4       org.gradle.internal.component.external.model.LazyVariantBackedConfigurationMetadata$RuleAwareVariant::getAttributes (40 bytes)
Event: 7599.708 Thread 0x00000177fecd5c40 nmethod 21767 0x000001778875aa10 code [0x000001778875ac40, 0x000001778875b7f8]
Event: 7599.709 Thread 0x00000177fecd5c40 21768   !   4       org.gradle.cache.internal.DefaultCacheAccess::useCache (191 bytes)

GC Heap History (20 events):
Event: 3732.421 GC heap before
{Heap before GC invocations=65 (full 0):
 garbage-first heap   total 240640K, used 184861K [0x0000000080000000, 0x0000000100000000)
  region size 1024K, 52 young (53248K), 1 survivors (1024K)
 Metaspace       used 124415K, committed 125184K, reserved 1163264K
  class space    used 16165K, committed 16512K, reserved 1048576K
}
Event: 3732.437 GC heap after
{Heap after GC invocations=66 (full 0):
 garbage-first heap   total 240640K, used 134885K [0x0000000080000000, 0x0000000100000000)
  region size 1024K, 2 young (2048K), 2 survivors (2048K)
 Metaspace       used 124415K, committed 125184K, reserved 1163264K
  class space    used 16165K, committed 16512K, reserved 1048576K
}
Event: 3734.336 GC heap before
{Heap before GC invocations=67 (full 0):
 garbage-first heap   total 247808K, used 188133K [0x0000000080000000, 0x0000000100000000)
  region size 1024K, 55 young (56320K), 2 survivors (2048K)
 Metaspace       used 124714K, committed 125440K, reserved 1163264K
  class space    used 16161K, committed 16512K, reserved 1048576K
}
Event: 3734.346 GC heap after
{Heap after GC invocations=68 (full 0):
 garbage-first heap   total 247808K, used 134352K [0x0000000080000000, 0x0000000100000000)
  region size 1024K, 2 young (2048K), 2 survivors (2048K)
 Metaspace       used 124714K, committed 125440K, reserved 1163264K
  class space    used 16161K, committed 16512K, reserved 1048576K
}
Event: 3909.721 GC heap before
{Heap before GC invocations=68 (full 0):
 garbage-first heap   total 247808K, used 210128K [0x0000000080000000, 0x0000000100000000)
  region size 1024K, 63 young (64512K), 2 survivors (2048K)
 Metaspace       used 127547K, committed 128448K, reserved 1163264K
  class space    used 16608K, committed 17024K, reserved 1048576K
}
Event: 3909.727 GC heap after
{Heap after GC invocations=69 (full 0):
 garbage-first heap   total 247808K, used 136282K [0x0000000080000000, 0x0000000100000000)
  region size 1024K, 4 young (4096K), 4 survivors (4096K)
 Metaspace       used 127547K, committed 128448K, reserved 1163264K
  class space    used 16608K, committed 17024K, reserved 1048576K
}
Event: 4059.174 GC heap before
{Heap before GC invocations=69 (full 0):
 garbage-first heap   total 247808K, used 198746K [0x0000000080000000, 0x0000000100000000)
  region size 1024K, 66 young (67584K), 4 survivors (4096K)
 Metaspace       used 127852K, committed 128768K, reserved 1163264K
  class space    used 16632K, committed 17088K, reserved 1048576K
}
Event: 4064.755 GC heap after
{Heap after GC invocations=70 (full 0):
 garbage-first heap   total 247808K, used 135875K [0x0000000080000000, 0x0000000100000000)
  region size 1024K, 3 young (3072K), 3 survivors (3072K)
 Metaspace       used 127852K, committed 128768K, reserved 1163264K
  class space    used 16632K, committed 17088K, reserved 1048576K
}
Event: 4494.969 GC heap before
{Heap before GC invocations=70 (full 0):
 garbage-first heap   total 247808K, used 145091K [0x0000000080000000, 0x0000000100000000)
  region size 1024K, 12 young (12288K), 3 survivors (3072K)
 Metaspace       used 127852K, committed 128768K, reserved 1163264K
  class space    used 16632K, committed 17088K, reserved 1048576K
}
Event: 4495.605 GC heap after
{Heap after GC invocations=71 (full 0):
 garbage-first heap   total 247808K, used 135895K [0x0000000080000000, 0x0000000100000000)
  region size 1024K, 1 young (1024K), 1 survivors (1024K)
 Metaspace       used 127852K, committed 128768K, reserved 1163264K
  class space    used 16632K, committed 17088K, reserved 1048576K
}
Event: 5128.470 GC heap before
{Heap before GC invocations=71 (full 0):
 garbage-first heap   total 247808K, used 147159K [0x0000000080000000, 0x0000000100000000)
  region size 1024K, 12 young (12288K), 1 survivors (1024K)
 Metaspace       used 127865K, committed 128768K, reserved 1163264K
  class space    used 16634K, committed 17088K, reserved 1048576K
}
Event: 5128.674 GC heap after
{Heap after GC invocations=72 (full 0):
 garbage-first heap   total 247808K, used 135611K [0x0000000080000000, 0x0000000100000000)
  region size 1024K, 1 young (1024K), 1 survivors (1024K)
 Metaspace       used 127865K, committed 128768K, reserved 1163264K
  class space    used 16634K, committed 17088K, reserved 1048576K
}
Event: 5768.467 GC heap before
{Heap before GC invocations=72 (full 0):
 garbage-first heap   total 247808K, used 146875K [0x0000000080000000, 0x0000000100000000)
  region size 1024K, 12 young (12288K), 1 survivors (1024K)
 Metaspace       used 127867K, committed 128768K, reserved 1163264K
  class space    used 16634K, committed 17088K, reserved 1048576K
}
Event: 5768.611 GC heap after
{Heap after GC invocations=73 (full 0):
 garbage-first heap   total 247808K, used 135524K [0x0000000080000000, 0x0000000100000000)
  region size 1024K, 1 young (1024K), 1 survivors (1024K)
 Metaspace       used 127867K, committed 128768K, reserved 1163264K
  class space    used 16634K, committed 17088K, reserved 1048576K
}
Event: 6408.467 GC heap before
{Heap before GC invocations=73 (full 0):
 garbage-first heap   total 247808K, used 146788K [0x0000000080000000, 0x0000000100000000)
  region size 1024K, 12 young (12288K), 1 survivors (1024K)
 Metaspace       used 127868K, committed 128768K, reserved 1163264K
  class space    used 16634K, committed 17088K, reserved 1048576K
}
Event: 6408.509 GC heap after
{Heap after GC invocations=74 (full 0):
 garbage-first heap   total 247808K, used 135540K [0x0000000080000000, 0x0000000100000000)
  region size 1024K, 1 young (1024K), 1 survivors (1024K)
 Metaspace       used 127868K, committed 128768K, reserved 1163264K
  class space    used 16634K, committed 17088K, reserved 1048576K
}
Event: 7048.476 GC heap before
{Heap before GC invocations=74 (full 0):
 garbage-first heap   total 247808K, used 146804K [0x0000000080000000, 0x0000000100000000)
  region size 1024K, 12 young (12288K), 1 survivors (1024K)
 Metaspace       used 127869K, committed 128768K, reserved 1163264K
  class space    used 16634K, committed 17088K, reserved 1048576K
}
Event: 7048.677 GC heap after
{Heap after GC invocations=75 (full 0):
 garbage-first heap   total 247808K, used 135534K [0x0000000080000000, 0x0000000100000000)
  region size 1024K, 1 young (1024K), 1 survivors (1024K)
 Metaspace       used 127869K, committed 128768K, reserved 1163264K
  class space    used 16634K, committed 17088K, reserved 1048576K
}
Event: 7569.698 GC heap before
{Heap before GC invocations=75 (full 0):
 garbage-first heap   total 247808K, used 146798K [0x0000000080000000, 0x0000000100000000)
  region size 1024K, 12 young (12288K), 1 survivors (1024K)
 Metaspace       used 127889K, committed 128768K, reserved 1163264K
  class space    used 16634K, committed 17088K, reserved 1048576K
}
Event: 7571.210 GC heap after
{Heap after GC invocations=76 (full 0):
 garbage-first heap   total 247808K, used 136132K [0x0000000080000000, 0x0000000100000000)
  region size 1024K, 1 young (1024K), 1 survivors (1024K)
 Metaspace       used 127889K, committed 128768K, reserved 1163264K
  class space    used 16634K, committed 17088K, reserved 1048576K
}

Deoptimization events (20 events):
Event: 3910.708 Thread 0x00000177964524f0 DEOPT PACKING pc=0x000001778849edf4 sp=0x00000045f81fb530
Event: 3910.708 Thread 0x00000177964524f0 DEOPT UNPACKING pc=0x000001778004d72e sp=0x00000045f81fb4f8 mode 2
Event: 3910.972 Thread 0x00000177964524f0 Uncommon trap: trap_request=0xffffffd6 fr.pc=0x00000177886f25e0 relative=0x00000000000003c0
Event: 3910.972 Thread 0x00000177964524f0 Uncommon trap: reason=array_check action=maybe_recompile pc=0x00000177886f25e0 method=java.util.LinkedHashMap.keysToArray([Ljava/lang/Object;)[Ljava/lang/Object; @ 25 c2
Event: 3910.972 Thread 0x00000177964524f0 DEOPT PACKING pc=0x00000177886f25e0 sp=0x00000045f81fb540
Event: 3910.972 Thread 0x00000177964524f0 DEOPT UNPACKING pc=0x000001778004d72e sp=0x00000045f81fb4f8 mode 2
Event: 3911.035 Thread 0x00000177964524f0 Uncommon trap: trap_request=0xffffffc6 fr.pc=0x00000177883d34b4 relative=0x0000000000000614
Event: 3911.035 Thread 0x00000177964524f0 Uncommon trap: reason=bimorphic_or_optimized_type_check action=maybe_recompile pc=0x00000177883d34b4 method=org.gradle.internal.snapshot.DirectorySnapshot.accept(Lorg/gradle/internal/snapshot/RelativePathTracker;Lorg/gradle/internal/snapshot/RelativePathT
Event: 3911.035 Thread 0x00000177964524f0 DEOPT PACKING pc=0x00000177883d34b4 sp=0x00000045f81fac60
Event: 3911.036 Thread 0x00000177964524f0 DEOPT UNPACKING pc=0x000001778004d72e sp=0x00000045f81fac18 mode 2
Event: 3911.194 Thread 0x0000017795ee50f0 Uncommon trap: trap_request=0xffffffde fr.pc=0x00000177881f25c0 relative=0x0000000000000c60
Event: 3911.194 Thread 0x0000017795ee50f0 Uncommon trap: reason=class_check action=maybe_recompile pc=0x00000177881f25c0 method=java.util.HashMap.removeNode(ILjava/lang/Object;Ljava/lang/Object;ZZ)Ljava/util/HashMap$Node; @ 143 c2
Event: 3911.194 Thread 0x0000017795ee50f0 DEOPT PACKING pc=0x00000177881f25c0 sp=0x00000045f49fad90
Event: 3911.194 Thread 0x0000017795ee50f0 DEOPT UNPACKING pc=0x000001778004d72e sp=0x00000045f49fad28 mode 2
Event: 3911.206 Thread 0x0000017795ee50f0 Uncommon trap: trap_request=0xffffffde fr.pc=0x00000177881f25c0 relative=0x0000000000000c60
Event: 3911.206 Thread 0x0000017795ee50f0 Uncommon trap: reason=class_check action=maybe_recompile pc=0x00000177881f25c0 method=java.util.HashMap.removeNode(ILjava/lang/Object;Ljava/lang/Object;ZZ)Ljava/util/HashMap$Node; @ 143 c2
Event: 3911.206 Thread 0x0000017795ee50f0 DEOPT PACKING pc=0x00000177881f25c0 sp=0x00000045f49fcc10
Event: 3911.206 Thread 0x0000017795ee50f0 DEOPT UNPACKING pc=0x000001778004d72e sp=0x00000045f49fcba8 mode 2
Event: 4838.497 Thread 0x00000177ff9c6fd0 DEOPT PACKING pc=0x0000017780eb83f2 sp=0x00000045f3efda90
Event: 4838.558 Thread 0x00000177ff9c6fd0 DEOPT UNPACKING pc=0x000001778004dece sp=0x00000045f3efcf20 mode 0

Classes unloaded (20 events):
Event: 3732.804 Thread 0x00000177fecb0280 Unloading class 0x0000000801be4400 'java/lang/invoke/LambdaForm$DMH+0x0000000801be4400'
Event: 3732.804 Thread 0x00000177fecb0280 Unloading class 0x0000000801bcd400 'java/lang/invoke/LambdaForm$DMH+0x0000000801bcd400'
Event: 3732.804 Thread 0x00000177fecb0280 Unloading class 0x0000000801bcd000 'java/lang/invoke/LambdaForm$DMH+0x0000000801bcd000'
Event: 3732.804 Thread 0x00000177fecb0280 Unloading class 0x0000000801bccc00 'java/lang/invoke/LambdaForm$DMH+0x0000000801bccc00'
Event: 3732.804 Thread 0x00000177fecb0280 Unloading class 0x0000000801bcc400 'java/lang/invoke/LambdaForm$DMH+0x0000000801bcc400'
Event: 3732.804 Thread 0x00000177fecb0280 Unloading class 0x0000000801bcc800 'java/lang/invoke/LambdaForm$DMH+0x0000000801bcc800'
Event: 3732.804 Thread 0x00000177fecb0280 Unloading class 0x0000000801bb1400 'java/lang/invoke/LambdaForm$DMH+0x0000000801bb1400'
Event: 3732.804 Thread 0x00000177fecb0280 Unloading class 0x0000000801bb1000 'java/lang/invoke/LambdaForm$DMH+0x0000000801bb1000'
Event: 3732.804 Thread 0x00000177fecb0280 Unloading class 0x0000000801bb0c00 'java/lang/invoke/LambdaForm$DMH+0x0000000801bb0c00'
Event: 3732.804 Thread 0x00000177fecb0280 Unloading class 0x0000000801bb0800 'java/lang/invoke/LambdaForm$DMH+0x0000000801bb0800'
Event: 3732.804 Thread 0x00000177fecb0280 Unloading class 0x0000000801bb0400 'java/lang/invoke/LambdaForm$DMH+0x0000000801bb0400'
Event: 3732.804 Thread 0x00000177fecb0280 Unloading class 0x0000000801b89400 'java/lang/invoke/LambdaForm$DMH+0x0000000801b89400'
Event: 3732.804 Thread 0x00000177fecb0280 Unloading class 0x0000000801b89000 'java/lang/invoke/LambdaForm$DMH+0x0000000801b89000'
Event: 3732.804 Thread 0x00000177fecb0280 Unloading class 0x0000000801b88800 'java/lang/invoke/LambdaForm$DMH+0x0000000801b88800'
Event: 3732.804 Thread 0x00000177fecb0280 Unloading class 0x0000000801b88c00 'java/lang/invoke/LambdaForm$DMH+0x0000000801b88c00'
Event: 3732.804 Thread 0x00000177fecb0280 Unloading class 0x0000000801b88400 'java/lang/invoke/LambdaForm$DMH+0x0000000801b88400'
Event: 3732.804 Thread 0x00000177fecb0280 Unloading class 0x0000000801b08c00 'java/lang/invoke/LambdaForm$DMH+0x0000000801b08c00'
Event: 3732.804 Thread 0x00000177fecb0280 Unloading class 0x0000000801b08800 'java/lang/invoke/LambdaForm$DMH+0x0000000801b08800'
Event: 3732.804 Thread 0x00000177fecb0280 Unloading class 0x0000000801b08000 'java/lang/invoke/LambdaForm$DMH+0x0000000801b08000'
Event: 3732.804 Thread 0x00000177fecb0280 Unloading class 0x0000000801b09000 'java/lang/invoke/LambdaForm$DMH+0x0000000801b09000'

Classes redefined (0 events):
No events

Internal exceptions (20 events):
Event: 3740.258 Thread 0x0000017796451fa0 Exception <a 'java/lang/NoSuchMethodError'{0x000000008c3efe60}: 'java.lang.Object java.lang.invoke.Invokers$Holder.invoke_MT(java.lang.Object, java.lang.Object, java.lang.Object)'> (0x000000008c3efe60) 
thrown [c:\wsjdk\correttojdksrc\installers\windows\zip\corretto-build\buildroot\src\hotspot\share\interpreter\linkResolver.cpp, line 790]
Event: 3742.305 Thread 0x0000017796451fa0 Implicit null exception at 0x00000177880ed074 to 0x00000177880ed0a4
Event: 3742.305 Thread 0x0000017796451fa0 Implicit null exception at 0x0000017787cb4f6b to 0x0000017787cb4f90
Event: 3909.469 Thread 0x0000017795ee4ba0 Exception <a 'java/lang/NoSuchMethodError'{0x000000008b77b680}: static Lorg/gradle/tooling/internal/provider/SubscribableBuildAction;.<clinit>()V> (0x000000008b77b680) 
thrown [c:\wsjdk\correttojdksrc\installers\windows\zip\corretto-build\buildroot\src\hotspot\share\prims\jni.cpp, line 1210]
Event: 3909.470 Thread 0x0000017795ee4ba0 Exception <a 'java/lang/NoSuchMethodError'{0x000000008b783718}: static Lorg/gradle/tooling/internal/provider/BuildModelAction;.<clinit>()V> (0x000000008b783718) 
thrown [c:\wsjdk\correttojdksrc\installers\windows\zip\corretto-build\buildroot\src\hotspot\share\prims\jni.cpp, line 1210]
Event: 3909.471 Thread 0x0000017795ee4ba0 Exception <a 'java/lang/NoSuchMethodError'{0x000000008b78ca68}: static Lorg/gradle/internal/build/event/BuildEventSubscriptions;.<clinit>()V> (0x000000008b78ca68) 
thrown [c:\wsjdk\correttojdksrc\installers\windows\zip\corretto-build\buildroot\src\hotspot\share\prims\jni.cpp, line 1210]
Event: 3909.475 Thread 0x0000017795ee4ba0 Exception <a 'java/lang/NoSuchMethodError'{0x000000008b7ad068}: static Ljava/lang/Object;.<clinit>()V> (0x000000008b7ad068) 
thrown [c:\wsjdk\correttojdksrc\installers\windows\zip\corretto-build\buildroot\src\hotspot\share\prims\jni.cpp, line 1210]
Event: 3909.476 Thread 0x0000017795ee4ba0 Exception <a 'java/lang/NoSuchMethodError'{0x000000008b7c42c0}: static Lorg/gradle/api/internal/StartParameterInternal;.<clinit>()V> (0x000000008b7c42c0) 
thrown [c:\wsjdk\correttojdksrc\installers\windows\zip\corretto-build\buildroot\src\hotspot\share\prims\jni.cpp, line 1210]
Event: 3909.476 Thread 0x0000017795ee4ba0 Exception <a 'java/lang/NoSuchMethodError'{0x000000008b7d3930}: static Lorg/gradle/internal/logging/DefaultLoggingConfiguration;.<clinit>()V> (0x000000008b7d3930) 
thrown [c:\wsjdk\correttojdksrc\installers\windows\zip\corretto-build\buildroot\src\hotspot\share\prims\jni.cpp, line 1210]
Event: 3909.477 Thread 0x0000017795ee4ba0 Exception <a 'java/lang/NoSuchMethodError'{0x000000008b7dfb88}: static Ljava/lang/Object;.<clinit>()V> (0x000000008b7dfb88) 
thrown [c:\wsjdk\correttojdksrc\installers\windows\zip\corretto-build\buildroot\src\hotspot\share\prims\jni.cpp, line 1210]
Event: 3909.478 Thread 0x0000017795ee4ba0 Exception <a 'java/lang/NoSuchMethodError'{0x000000008b7eb770}: static Lorg/gradle/internal/DefaultTaskExecutionRequest;.<clinit>()V> (0x000000008b7eb770) 
thrown [c:\wsjdk\correttojdksrc\installers\windows\zip\corretto-build\buildroot\src\hotspot\share\prims\jni.cpp, line 1210]
Event: 3909.487 Thread 0x0000017795ee50f0 Implicit null exception at 0x000001778811c6f5 to 0x00000177881227cc
Event: 3909.721 Thread 0x0000017795ee50f0 Exception <a 'java/lang/NoSuchMethodError'{0x000000008b3f39a8}: 'java.lang.Object java.lang.invoke.DelegatingMethodHandle$Holder.reinvoke_L(java.lang.Object, java.lang.Object, java.lang.Object, java.lang.Object, java.lang.Object, java.lang.Object, java.lang.Object, java.lang.Object, java.lang.Object, java.lang.Object, java.lang.Object, java.lang.Object, java.lang.Object, java.lang.Object, java.lang.Object, java.lang.Object, java.lang.Object, java.lang.Object, java.lang.Object, java.lang.Object, java.lang.O
Event: 3910.286 Thread 0x0000017795ee50f0 Exception <a 'sun/nio/fs/WindowsException'{0x000000008e1ae4a8}> (0x000000008e1ae4a8) 
thrown [c:\wsjdk\correttojdksrc\installers\windows\zip\corretto-build\buildroot\src\hotspot\share\prims\jni.cpp, line 579]
Event: 3910.326 Thread 0x0000017795ee50f0 Exception <a 'java/lang/NoClassDefFoundError'{0x000000008de2e3b0}: org/jetbrains/kotlin/gradle/plugin/KotlinBasePluginWrapper> (0x000000008de2e3b0) 
thrown [c:\wsjdk\correttojdksrc\installers\windows\zip\corretto-build\buildroot\src\hotspot\share\oops\constantPool.cpp, line 809]
Event: 3910.354 Thread 0x0000017795ee50f0 Exception <a 'sun/nio/fs/WindowsException'{0x000000008dd1f920}> (0x000000008dd1f920) 
thrown [c:\wsjdk\correttojdksrc\installers\windows\zip\corretto-build\buildroot\src\hotspot\share\prims\jni.cpp, line 579]
Event: 3910.370 Thread 0x0000017795ee50f0 Exception <a 'sun/nio/fs/WindowsException'{0x000000008ddbdde0}> (0x000000008ddbdde0) 
thrown [c:\wsjdk\correttojdksrc\installers\windows\zip\corretto-build\buildroot\src\hotspot\share\prims\jni.cpp, line 579]
Event: 3910.371 Thread 0x0000017795ee50f0 Exception <a 'sun/nio/fs/WindowsException'{0x000000008ddbeea8}> (0x000000008ddbeea8) 
thrown [c:\wsjdk\correttojdksrc\installers\windows\zip\corretto-build\buildroot\src\hotspot\share\prims\jni.cpp, line 579]
Event: 3910.371 Thread 0x0000017795ee50f0 Exception <a 'sun/nio/fs/WindowsException'{0x000000008ddbffc0}> (0x000000008ddbffc0) 
thrown [c:\wsjdk\correttojdksrc\installers\windows\zip\corretto-build\buildroot\src\hotspot\share\prims\jni.cpp, line 579]
Event: 3910.371 Thread 0x0000017795ee50f0 Exception <a 'sun/nio/fs/WindowsException'{0x000000008ddc10d8}> (0x000000008ddc10d8) 
thrown [c:\wsjdk\correttojdksrc\installers\windows\zip\corretto-build\buildroot\src\hotspot\share\prims\jni.cpp, line 579]

Events (20 events):
Event: 7492.265 Executing  VM operation: Cleanup
Event: 7492.484 Executing  VM operation: Cleanup done
Event: 7544.202 Thread 0x0000017796244000 Thread exited: 0x0000017796244000
Event: 7549.845 Executing  VM operation: Cleanup
Event: 7549.877 Executing  VM operation: Cleanup done
Event: 7552.917 Executing  VM operation: Cleanup
Event: 7552.933 Executing  VM operation: Cleanup done
Event: 7555.956 Executing  VM operation: Cleanup
Event: 7556.253 Executing  VM operation: Cleanup done
Event: 7560.913 Thread 0x00000177964554c0 Thread added: 0x00000177964554c0
Event: 7569.697 Executing  VM operation: G1CollectForAllocation
Event: 7571.210 Executing  VM operation: G1CollectForAllocation done
Event: 7593.452 Executing  VM operation: Cleanup
Event: 7593.483 Executing  VM operation: Cleanup done
Event: 7594.497 Executing  VM operation: Cleanup
Event: 7594.497 Executing  VM operation: Cleanup done
Event: 7595.511 Executing  VM operation: Cleanup
Event: 7595.589 Executing  VM operation: Cleanup done
Event: 7601.633 Executing  VM operation: Cleanup
Event: 7601.633 Executing  VM operation: Cleanup done


Dynamic libraries:
0x00007ff7b2510000 - 0x00007ff7b251d000 	C:\Users\OS\.jdks\corretto-16.0.2\bin\java.exe
0x00007ffae1590000 - 0x00007ffae1785000 	C:\WINDOWS\SYSTEM32\ntdll.dll
0x00007ffadfc70000 - 0x00007ffadfd2e000 	C:\WINDOWS\System32\KERNEL32.DLL
0x00007ffadf010000 - 0x00007ffadf2d8000 	C:\WINDOWS\System32\KERNELBASE.dll
0x00007ffadf390000 - 0x00007ffadf490000 	C:\WINDOWS\System32\ucrtbase.dll
0x00007ffacbfd0000 - 0x00007ffacbfe8000 	C:\Users\OS\.jdks\corretto-16.0.2\bin\jli.dll
0x00007ffacbfb0000 - 0x00007ffacbfc5000 	C:\Users\OS\.jdks\corretto-16.0.2\bin\VCRUNTIME140.dll
0x00007ffae0820000 - 0x00007ffae09c1000 	C:\WINDOWS\System32\USER32.dll
0x00007ffadf490000 - 0x00007ffadf4b2000 	C:\WINDOWS\System32\win32u.dll
0x00007ffabbe60000 - 0x00007ffabc0fa000 	C:\WINDOWS\WinSxS\amd64_microsoft.windows.common-controls_6595b64144ccf1df_6.0.19041.1110_none_60b5254171f9507e\COMCTL32.dll
0x00007ffae0790000 - 0x00007ffae07bb000 	C:\WINDOWS\System32\GDI32.dll
0x00007ffae1280000 - 0x00007ffae131e000 	C:\WINDOWS\System32\msvcrt.dll
0x00007ffadecb0000 - 0x00007ffadedbb000 	C:\WINDOWS\System32\gdi32full.dll
0x00007ffadee10000 - 0x00007ffadeead000 	C:\WINDOWS\System32\msvcp_win.dll
0x00007ffadfc30000 - 0x00007ffadfc60000 	C:\WINDOWS\System32\IMM32.DLL
0x00007ffaa9e40000 - 0x00007ffaa9edb000 	C:\Users\OS\.jdks\corretto-16.0.2\bin\msvcp140.dll
0x00007ffa7fa70000 - 0x00007ffa80679000 	C:\Users\OS\.jdks\corretto-16.0.2\bin\server\jvm.dll
0x00007ffadf760000 - 0x00007ffadf80c000 	C:\WINDOWS\System32\ADVAPI32.dll
0x00007ffadfe30000 - 0x00007ffadfecb000 	C:\WINDOWS\System32\sechost.dll
0x00007ffadf810000 - 0x00007ffadf93a000 	C:\WINDOWS\System32\RPCRT4.dll
0x00007ffae0040000 - 0x00007ffae0048000 	C:\WINDOWS\System32\PSAPI.DLL
0x00007ffac7190000 - 0x00007ffac7199000 	C:\WINDOWS\SYSTEM32\WSOCK32.dll
0x00007ffac32d0000 - 0x00007ffac32f7000 	C:\WINDOWS\SYSTEM32\WINMM.dll
0x00007ffad78b0000 - 0x00007ffad78ba000 	C:\WINDOWS\SYSTEM32\VERSION.dll
0x00007ffadfd30000 - 0x00007ffadfd9b000 	C:\WINDOWS\System32\WS2_32.dll
0x00007ffadd530000 - 0x00007ffadd542000 	C:\WINDOWS\SYSTEM32\kernel.appcore.dll
0x00007ffadbae0000 - 0x00007ffadbaea000 	C:\Users\OS\.jdks\corretto-16.0.2\bin\jimage.dll
0x00007ffadcb20000 - 0x00007ffadcd04000 	C:\WINDOWS\SYSTEM32\DBGHELP.DLL
0x00007ffac6220000 - 0x00007ffac624c000 	C:\WINDOWS\SYSTEM32\dbgcore.DLL
0x00007ffadf550000 - 0x00007ffadf5d3000 	C:\WINDOWS\System32\bcryptPrimitives.dll
0x00007ffaae7e0000 - 0x00007ffaae805000 	C:\Users\OS\.jdks\corretto-16.0.2\bin\java.dll
0x00007ffae0050000 - 0x00007ffae078f000 	C:\WINDOWS\System32\SHELL32.dll
0x00007ffadcd90000 - 0x00007ffadd520000 	C:\WINDOWS\SYSTEM32\windows.storage.dll
0x00007ffae0e50000 - 0x00007ffae11a5000 	C:\WINDOWS\System32\combase.dll
0x00007ffade700000 - 0x00007ffade72e000 	C:\WINDOWS\SYSTEM32\Wldp.dll
0x00007ffadfb80000 - 0x00007ffadfc2d000 	C:\WINDOWS\System32\SHCORE.dll
0x00007ffae07c0000 - 0x00007ffae0815000 	C:\WINDOWS\System32\shlwapi.dll
0x00007ffadebf0000 - 0x00007ffadec0f000 	C:\WINDOWS\SYSTEM32\profapi.dll
0x00007ffaa9e20000 - 0x00007ffaa9e39000 	C:\Users\OS\.jdks\corretto-16.0.2\bin\net.dll
0x00007ffad1690000 - 0x00007ffad179c000 	C:\WINDOWS\SYSTEM32\WINHTTP.dll
0x00007ffade460000 - 0x00007ffade4ca000 	C:\WINDOWS\system32\mswsock.dll
0x00007ffaa9e00000 - 0x00007ffaa9e13000 	C:\Users\OS\.jdks\corretto-16.0.2\bin\nio.dll
0x00007ffaa9de0000 - 0x00007ffaa9df8000 	C:\Users\OS\.jdks\corretto-16.0.2\bin\zip.dll
0x00007ffad11f0000 - 0x00007ffad1200000 	C:\Users\OS\.jdks\corretto-16.0.2\bin\verify.dll
0x00007ffab09f0000 - 0x00007ffab0a17000 	C:\Users\OS\.gradle\native\8bec1ad78214c89d9ad589b4d07fe93259594b29d510b10fafb7a158f7737e5d\windows-amd64\native-platform.dll
0x00007ffa8eb10000 - 0x00007ffa8ec4d000 	C:\Users\OS\.gradle\native\53dbd7edfb1c66fb8903c78663c9afc45aea4f116125fa6feffd364cf09443e8\windows-amd64\native-platform-file-events.dll
0x00007ffaca850000 - 0x00007ffaca859000 	C:\Users\OS\.jdks\corretto-16.0.2\bin\management.dll
0x00007ffaca7a0000 - 0x00007ffaca7ab000 	C:\Users\OS\.jdks\corretto-16.0.2\bin\management_ext.dll
0x00007ffade660000 - 0x00007ffade678000 	C:\WINDOWS\SYSTEM32\CRYPTSP.dll
0x00007ffaddd70000 - 0x00007ffaddda4000 	C:\WINDOWS\system32\rsaenh.dll
0x00007ffadf520000 - 0x00007ffadf547000 	C:\WINDOWS\System32\bcrypt.dll
0x00007ffadebb0000 - 0x00007ffadebde000 	C:\WINDOWS\SYSTEM32\USERENV.dll
0x00007ffade650000 - 0x00007ffade65c000 	C:\WINDOWS\SYSTEM32\CRYPTBASE.dll
0x00007ffade100000 - 0x00007ffade13b000 	C:\WINDOWS\SYSTEM32\IPHLPAPI.DLL
0x00007ffadfe20000 - 0x00007ffadfe28000 	C:\WINDOWS\System32\NSI.dll
0x00007ffad6f70000 - 0x00007ffad6f87000 	C:\WINDOWS\SYSTEM32\dhcpcsvc6.DLL
0x00007ffad7a70000 - 0x00007ffad7a8d000 	C:\WINDOWS\SYSTEM32\dhcpcsvc.DLL
0x00007ffade140000 - 0x00007ffade20b000 	C:\WINDOWS\SYSTEM32\DNSAPI.dll
0x00007ffaca740000 - 0x00007ffaca74e000 	C:\Users\OS\.jdks\corretto-16.0.2\bin\sunmscapi.dll
0x00007ffadeeb0000 - 0x00007ffadf006000 	C:\WINDOWS\System32\CRYPT32.dll
0x00007ffade770000 - 0x00007ffade797000 	C:\WINDOWS\SYSTEM32\ncrypt.dll
0x00007ffade730000 - 0x00007ffade76b000 	C:\WINDOWS\SYSTEM32\NTASN1.dll
0x00007ffac9aa0000 - 0x00007ffac9aa7000 	C:\WINDOWS\system32\wshunix.dll
0x00007ffad29e0000 - 0x00007ffad29ea000 	C:\Windows\System32\rasadhlp.dll
0x00007ffad0540000 - 0x00007ffad05bf000 	C:\WINDOWS\System32\fwpuclnt.dll

dbghelp: loaded successfully - version: 4.0.5 - missing functions: none
symbol engine: initialized successfully - sym options: 0x614 - pdb path: .;C:\Users\OS\.jdks\corretto-16.0.2\bin;C:\WINDOWS\SYSTEM32;C:\WINDOWS\WinSxS\amd64_microsoft.windows.common-controls_6595b64144ccf1df_6.0.19041.1110_none_60b5254171f9507e;C:\Users\OS\.jdks\corretto-16.0.2\bin\server;C:\Users\OS\.gradle\native\8bec1ad78214c89d9ad589b4d07fe93259594b29d510b10fafb7a158f7737e5d\windows-amd64;C:\Users\OS\.gradle\native\53dbd7edfb1c66fb8903c78663c9afc45aea4f116125fa6feffd364cf09443e8\windows-amd64

VM Arguments:
jvm_args: --add-opens=java.base/java.util=ALL-UNNAMED --add-opens=java.base/java.lang=ALL-UNNAMED --add-opens=java.base/java.lang.invoke=ALL-UNNAMED --add-opens=java.base/java.util=ALL-UNNAMED --add-opens=java.prefs/java.util.prefs=ALL-UNNAMED --add-opens=java.prefs/java.util.prefs=ALL-UNNAMED --add-opens=java.base/java.nio.charset=ALL-UNNAMED --add-opens=java.base/java.net=ALL-UNNAMED --add-opens=java.base/java.util.concurrent.atomic=ALL-UNNAMED -Xmx2048m -Dfile.encoding=UTF-8 -Duser.country=VN -Duser.language=vi -Duser.variant 
java_command: org.gradle.launcher.daemon.bootstrap.GradleDaemon 7.0.2
java_class_path (initial): C:\Users\OS\.gradle\wrapper\dists\gradle-7.0.2-bin\857tjihv64xamwrf0h14cai3r\gradle-7.0.2\lib\gradle-launcher-7.0.2.jar
Launcher Type: SUN_STANDARD

[Global flags]
     intx CICompilerCount                          = 4                                         {product} {ergonomic}
     uint ConcGCThreads                            = 3                                         {product} {ergonomic}
     uint G1ConcRefinementThreads                  = 10                                        {product} {ergonomic}
   size_t G1HeapRegionSize                         = 1048576                                   {product} {ergonomic}
    uintx GCDrainStackTargetSize                   = 64                                        {product} {ergonomic}
   size_t InitialHeapSize                          = 132120576                                 {product} {ergonomic}
   size_t MarkStackSize                            = 4194304                                   {product} {ergonomic}
   size_t MaxHeapSize                              = 2147483648                                {product} {command line}
   size_t MaxNewSize                               = 1287651328                                {product} {ergonomic}
   size_t MinHeapDeltaBytes                        = 1048576                                   {product} {ergonomic}
   size_t MinHeapSize                              = 8388608                                   {product} {ergonomic}
    uintx NonNMethodCodeHeapSize                   = 5839372                                {pd product} {ergonomic}
    uintx NonProfiledCodeHeapSize                  = 122909434                              {pd product} {ergonomic}
    uintx ProfiledCodeHeapSize                     = 122909434                              {pd product} {ergonomic}
    uintx ReservedCodeCacheSize                    = 251658240                              {pd product} {ergonomic}
     bool SegmentedCodeCache                       = true                                      {product} {ergonomic}
   size_t SoftMaxHeapSize                          = 2147483648                             {manageable} {ergonomic}
     bool UseCompressedClassPointers               = true                           {product lp64_product} {ergonomic}
     bool UseCompressedOops                        = true                           {product lp64_product} {ergonomic}
     bool UseG1GC                                  = true                                      {product} {ergonomic}
     bool UseLargePagesIndividualAllocation        = false                                  {pd product} {ergonomic}

Logging:
Log output configuration:
 #0: stdout all=warning uptime,level,tags
 #1: stderr all=off uptime,level,tags

Environment Variables:
PATH=C:\Program Files\Common Files\Oracle\Java\javapath;C:\Program Files (x86)\Common Files\Oracle\Java\javapath;C:\Program Files\Microsoft MPI\Bin\;C:\WINDOWS\system32\WBEM;C:\Windows\system32;C:\Windows;C:\Windows\System32\Wbem;C:\Windows\System32\WindowsPowerShell\v1.0\;C:\Program Files (x86)\NVIDIA Corporation\PhysX\Common;C:\WINDOWS\system32;C:\WINDOWS;C:\WINDOWS\System32\Wbem;C:\WINDOWS\System32\WindowsPowerShell\v1.0\;C:\WINDOWS\System32\OpenSSH\;C:\Users\OS\AppData\Local\Microsoft\WindowsApps;C:\WINDOWS\system32;C:\WINDOWS;C:\WINDOWS\System32\Wbem;C:\WINDOWS\System32\WindowsPowerShell\v1.0\;C:\WINDOWS\System32\OpenSSH\;C:\Program Files\Java\jdk-13.0.1\bin;C:\Program Files (x86)\Microsoft SQL Server\150\Tools\Binn\;C:\Program Files\Microsoft SQL Server\150\Tools\Binn\;C:\Program Files (x86)\Microsoft SQL Server\150\DTS\Binn\;C:\Program Files\Microsoft SQL Server\150\DTS\Binn\;C:\Program Files\Microsoft SQL Server\Client SDK\ODBC\170\Tools\Binn\;C:\Program Files\dotnet\;C:\Program Files\Microsoft SQL Server\130\Tools\Binn\;C:\Program Files (x86)\dotnet\;C:\Users\OS\AppData\Local\Programs\Python\Python37\Scripts\;C:\Users\OS\AppData\Local\Programs\Python\Python37\;C:\Program Files\MySQL\MySQL Shell 8.0\bin\;C:\Users\OS\.dotnet\tools;C:\Users\OS\AppData\Local\Programs\Microsoft VS Code\bin;C:\Users\OS\AppData\Local\GitHubDesktop\bin
USERNAME=Truong Gia huy
OS=Windows_NT
PROCESSOR_IDENTIFIER=Intel64 Family 6 Model 158 Stepping 10, GenuineIntel



---------------  S Y S T E M  ---------------

OS:
 Windows 10 , 64 bit Build 19041 (10.0.19041.1348)
OS uptime: 2 days 5:42 hours

CPU: total 12 (initial active 12) (6 cores per cpu, 2 threads per core) family 6 model 158 stepping 10 microcode 0xea, cx8, cmov, fxsr, ht, mmx, 3dnowpref, sse, sse2, sse3, ssse3, sse4.1, sse4.2, popcnt, lzcnt, tsc, tscinvbit, avx, avx2, aes, erms, clmul, bmi1, bmi2, adx, fma, vzeroupper, clflush, clflushopt

Memory: 4k page, system-wide physical 8051M (1088M free)
TotalPageFile size 20484M (AvailPageFile size 301M)
current process WorkingSet (physical memory assigned to process): 92M, peak: 519M
current process commit charge ("private bytes"): 615M, peak: 636M

vm_info: OpenJDK 64-Bit Server VM (16.0.2+7) for windows-amd64 JRE (16.0.2+7), built on Jul 22 2021 01:11:46 by "Administrator" with MS VC++ 15.9 (VS2017)

END.
